#
# A fatal error has been detected by the Java Runtime Environment:
#
#  EXCEPTION_ACCESS_VIOLATION (0xc0000005) at pc=0x00007ff8bf4ea4ed, pid=18948, tid=22744
#
# JRE version: Java(TM) SE Runtime Environment 18.9 (11.0.7+8) (build 11.0.7+8-LTS)
# Java VM: Java HotSpot(TM) 64-Bit Server VM 18.9 (11.0.7+8-LTS, mixed mode, tiered, compressed oops, g1 gc, windows-amd64)
# Problematic frame:
# V  [jvm.dll+0x68a4ed]
#
# No core dump will be written. Minidumps are not enabled by default on client versions of Windows
#
# If you would like to submit a bug report, please visit:
#   https://bugreport.java.com/bugreport/crash.jsp
#

---------------  S U M M A R Y ------------

Command Line: -Dcom.sun.management.jmxremote -Dcom.sun.management.jmxremote.port=56953 -Dcom.sun.management.jmxremote.authenticate=false -Dcom.sun.management.jmxremote.ssl=false -Djava.rmi.server.hostname=localhost -Dspring.jmx.enabled=true -Dspring.application.admin.enabled=true -Xverify:none -XX:TieredStopAtLevel=1 -Dspring.boot.project.name=spring-boot-ionic-backend -Dfile.encoding=UTF-8 com.brnmlira.cursomc.CursomcApplication --spring.output.ansi.enabled=always

Host: Intel(R) Core(TM) i5-8300H CPU @ 2.30GHz, 8 cores, 23G,  Windows 10 , 64 bit Build 18362 (10.0.18362.900)
Time: Sat Jul 11 15:48:46 2020 E. South America Standard Time elapsed time: 133 seconds (0d 0h 2m 13s)

---------------  T H R E A D  ---------------

Current thread (0x000002a3cfa20800):  JavaThread "DestroyJavaVM" [_thread_in_vm, id=22744, stack(0x000000cf32200000,0x000000cf32300000)]

Stack: [0x000000cf32200000,0x000000cf32300000],  sp=0x000000cf322ff990,  free space=1022k
Native frames: (J=compiled Java code, j=interpreted, Vv=VM code, C=native code)
V  [jvm.dll+0x68a4ed]
V  [jvm.dll+0x68ab5a]
V  [jvm.dll+0x375509]
V  [jvm.dll+0x760aa3]
V  [jvm.dll+0x3dead8]
C  [javaw.exe+0x367e]
C  [javaw.exe+0x17e2c]
C  [KERNEL32.DLL+0x17bd4]
C  [ntdll.dll+0x6ce51]


siginfo: EXCEPTION_ACCESS_VIOLATION (0xc0000005), reading address 0x000002a300000017


Register to memory mapping:

RIP=0x00007ff8bf4ea4ed jvm.dll
RAX=0x0000000000000001 is an unknown value
RBX=0x000002a30000000f is an unknown value
RCX=0x000002a39efe0000 points into unknown readable memory: 00 00 00 00 00 00 00 00
RDX=0x000002a39efe0000 points into unknown readable memory: 00 00 00 00 00 00 00 00
RSP=0x000000cf322ff990 points into unknown readable memory: cd 00 00 00 00 00 00 00
RBP=0x0 is NULL
RSI=0x0000000000000001 is an unknown value
RDI=0x000002a3cb5522b0 points into unknown readable memory: 0f 00 00 00 a3 02 00 00
R8 =0x000002a39ef21380 points into unknown readable memory: c0 0c f2 9e a3 02 00 00
R9 =0x0000000000000001 is an unknown value
R10=0x0000000000008000 is an unknown value
R11=0x000000cf322ff8f0 points into unknown readable memory: e0 ad 0d 9f a3 02 00 00
R12=0x000002a39f0dadf8 points into unknown readable memory: d0 02 60 8f 06 00 00 00
R13=0x000002a39effdb80 points into unknown readable memory: 63 6f 6d 2e 62 72 6e 6d
R14=0x000002a39f0dade8 points into unknown readable memory: 10 07 60 8f 06 00 00 00
R15=0x000002a39f0dade0 points into unknown readable memory: 10 07 60 8f 06 00 00 00


Registers:
RAX=0x0000000000000001, RBX=0x000002a30000000f, RCX=0x000002a39efe0000, RDX=0x000002a39efe0000
RSP=0x000000cf322ff990, RBP=0x0000000000000000, RSI=0x0000000000000001, RDI=0x000002a3cb5522b0
R8 =0x000002a39ef21380, R9 =0x0000000000000001, R10=0x0000000000008000, R11=0x000000cf322ff8f0
R12=0x000002a39f0dadf8, R13=0x000002a39effdb80, R14=0x000002a39f0dade8, R15=0x000002a39f0dade0
RIP=0x00007ff8bf4ea4ed, EFLAGS=0x0000000000010206

Top of Stack: (sp=0x000000cf322ff990)
0x000000cf322ff990:   00000000000000cd 00007ff800000000
0x000000cf322ff9a0:   000002a300000000 0000000000000000
0x000000cf322ff9b0:   000002a3cfa20800 00007ff8bf4eab5a
0x000000cf322ff9c0:   000002a3a1242850 000000cf322ffb78
0x000000cf322ff9d0:   0000000000000001 000002a3cfa20800
0x000000cf322ff9e0:   000002a3cd336ee0 00007ff8bf1d5509
0x000000cf322ff9f0:   0000000000000000 000000cf322ffb78
0x000000cf322ffa00:   0000000000000000 000002a300000012
0x000000cf322ffa10:   000002a3cfa20800 00007ff8bf5c0aa3
0x000000cf322ffa20:   000002a3a1242850 000002a3cfa20800
0x000000cf322ffa30:   0000000000000001 000000cf322ffb78
0x000000cf322ffa40:   000002a3cfa20800 000002a39f0dade8
0x000000cf322ffa50:   000000000000000e 0000000000000000
0x000000cf322ffa60:   000002a3cb70f300 000002a3a1245760
0x000000cf322ffa70:   000002a3cfa20800 000002a3cb70f3b0
0x000000cf322ffa80:   000002a3a1245760 000002a3a1245770 

Instructions: (pc=0x00007ff8bf4ea4ed)
0x00007ff8bf4ea4cd:   8b ce e8 0c f4 a2 ff 48 8b 3d a5 a5 41 00 48 8b
0x00007ff8bf4ea4dd:   74 24 40 48 85 ff 74 39 48 8b 1f 48 85 db 74 29
0x00007ff8bf4ea4ed:   48 83 7b 08 01 75 1a 48 8b 53 18 89 2b 48 85 d2
0x00007ff8bf4ea4fd:   74 0f 39 6b 04 48 8b cb e8 a6 69 cd ff 48 89 6b 


Stack slot to memory mapping:
stack at sp + 0 slots: 0x00000000000000cd is an unknown value
stack at sp + 1 slots: 0x00007ff800000000 is an unknown value
stack at sp + 2 slots: 0x000002a300000000 is an unknown value
stack at sp + 3 slots: 0x0 is NULL
stack at sp + 4 slots: 0x000002a3cfa20800 points into unknown readable memory: 60 93 76 bf f8 7f 00 00
stack at sp + 5 slots: 0x00007ff8bf4eab5a jvm.dll
stack at sp + 6 slots: 0x000002a3a1242850 points into unknown readable memory: 00 00 00 00 00 00 00 00
stack at sp + 7 slots: 0x000000cf322ffb78 points into unknown readable memory: 00 00 00 00 00 00 00 00


---------------  P R O C E S S  ---------------

Threads class SMR info:
_java_thread_list=0x000002a3cd336ee0, length=18, elements={
0x000002a3ca20a800, 0x000002a3ca20b800, 0x000002a3ca24f800, 0x000002a3ca253800,
0x000002a3ca254800, 0x000002a3ca26a000, 0x000002a3ca194000, 0x000002a3ca489000,
0x000002a3cb574000, 0x000002a3cb57f000, 0x000002a3cb594000, 0x000002a3cd605800,
0x000002a3cfa1a000, 0x000002a3cfa23000, 0x000002a3cfa17800, 0x000002a3cfa20000,
0x000002a3cfa21800, 0x000002a3cd49d800
}

Java Threads: ( => current thread )
  0x000002a3ca20a800 JavaThread "Reference Handler" daemon [_thread_blocked, id=232, stack(0x000000cf32900000,0x000000cf32a00000)]
  0x000002a3ca20b800 JavaThread "Finalizer" daemon [_thread_blocked, id=6268, stack(0x000000cf32a00000,0x000000cf32b00000)]
  0x000002a3ca24f800 JavaThread "Signal Dispatcher" daemon [_thread_blocked, id=19880, stack(0x000000cf32b00000,0x000000cf32c00000)]
  0x000002a3ca253800 JavaThread "Attach Listener" daemon [_thread_blocked, id=8692, stack(0x000000cf32c00000,0x000000cf32d00000)]
  0x000002a3ca254800 JavaThread "C1 CompilerThread0" daemon [_thread_blocked, id=12920, stack(0x000000cf32d00000,0x000000cf32e00000)]
  0x000002a3ca26a000 JavaThread "Sweeper thread" daemon [_thread_blocked, id=20796, stack(0x000000cf32e00000,0x000000cf32f00000)]
  0x000002a3ca194000 JavaThread "Common-Cleaner" daemon [_thread_blocked, id=12416, stack(0x000000cf32f00000,0x000000cf33000000)]
  0x000002a3ca489000 JavaThread "Service Thread" daemon [_thread_blocked, id=2792, stack(0x000000cf33000000,0x000000cf33100000)]
  0x000002a3cb574000 JavaThread "RMI TCP Accept-0" daemon [_thread_in_native, id=16856, stack(0x000000cf33900000,0x000000cf33a00000)]
  0x000002a3cb57f000 JavaThread "RMI TCP Accept-56953" daemon [_thread_in_native, id=10196, stack(0x000000cf33a00000,0x000000cf33b00000)]
  0x000002a3cb594000 JavaThread "RMI TCP Accept-0" daemon [_thread_in_native, id=17360, stack(0x000000cf33b00000,0x000000cf33c00000)]
  0x000002a3cd605800 JavaThread "mysql-cj-abandoned-connection-cleanup" daemon [_thread_blocked, id=2044, stack(0x000000cf33f00000,0x000000cf34000000)]
  0x000002a3cfa1a000 JavaThread "Live Reload Server" daemon [_thread_in_native, id=11596, stack(0x000000cf34a00000,0x000000cf34b00000)]
  0x000002a3cfa23000 JavaThread "http-nio-8081-Acceptor" daemon [_thread_blocked, id=15388, stack(0x000000cf35800000,0x000000cf35900000)]
  0x000002a3cfa17800 JavaThread "RMI TCP Connection(1)-127.0.0.1" daemon [_thread_in_native, id=15648, stack(0x000000cf34600000,0x000000cf34700000)]
  0x000002a3cfa20000 JavaThread "RMI Scheduler(0)" daemon [_thread_blocked, id=17460, stack(0x000000cf34700000,0x000000cf34800000)]
  0x000002a3cfa21800 JavaThread "RMI TCP Connection(2)-127.0.0.1" daemon [_thread_in_native, id=17320, stack(0x000000cf34900000,0x000000cf34a00000)]
  0x000002a3cd49d800 JavaThread "JMX server connection timeout 260" daemon [_thread_blocked, id=18324, stack(0x000000cf35900000,0x000000cf35a00000)]

Other Threads:
  0x000002a3a1258800 GCTaskThread "GC Thread#0" [stack: 0x000000cf32300000,0x000000cf32400000] [id=15900]
  0x000002a3cb4fc000 GCTaskThread "GC Thread#1" [stack: 0x000000cf33100000,0x000000cf33200000] [id=8020]
  0x000002a3cb4fd000 GCTaskThread "GC Thread#2" [stack: 0x000000cf33200000,0x000000cf33300000] [id=22372]
  0x000002a3cb4fd800 GCTaskThread "GC Thread#3" [stack: 0x000000cf33300000,0x000000cf33400000] [id=3596]
  0x000002a3cb500000 GCTaskThread "GC Thread#4" [stack: 0x000000cf33400000,0x000000cf33500000] [id=16124]
  0x000002a3cb505000 GCTaskThread "GC Thread#5" [stack: 0x000000cf33500000,0x000000cf33600000] [id=5176]
  0x000002a3cb505800 GCTaskThread "GC Thread#6" [stack: 0x000000cf33600000,0x000000cf33700000] [id=22116]
  0x000002a3cb50a800 GCTaskThread "GC Thread#7" [stack: 0x000000cf33700000,0x000000cf33800000] [id=1716]
  0x000002a3a12e1800 ConcurrentGCThread "G1 Main Marker" [stack: 0x000000cf32400000,0x000000cf32500000] [id=3220]
  0x000002a3a12e3000 ConcurrentGCThread "G1 Conc#0" [stack: 0x000000cf32500000,0x000000cf32600000] [id=10724]
  0x000002a3cbc2e000 ConcurrentGCThread "G1 Conc#1" [stack: 0x000000cf34000000,0x000000cf34100000] [id=19504]
  0x000002a3c9607000 ConcurrentGCThread "G1 Refine#0" [stack: 0x000000cf32600000,0x000000cf32700000] [id=20684]
  0x000002a3cb525800 ConcurrentGCThread "G1 Refine#1" [stack: 0x000000cf33800000,0x000000cf33900000] [id=18264]
  0x000002a3c9609000 ConcurrentGCThread "G1 Young RemSet Sampling" [stack: 0x000000cf32700000,0x000000cf32800000] [id=9352]

=>0x000002a3cfa20800 (exited) JavaThread "DestroyJavaVM" [_thread_in_vm, id=22744, stack(0x000000cf32200000,0x000000cf32300000)]

Threads with active compile tasks:
C1 CompilerThread07211   !   1       org.springframework.beans.factory.support.DefaultSingletonBeanRegistry::destroyBean (385 bytes)

VM state:at safepoint (shutting down)

VM Mutex/Monitor currently owned by a thread:  ([mutex/lock_event])
[0x000002a3a1241e30] Threads_lock - owner thread: 0x000002a3ca1cd800

Heap address: 0x0000000681e00000, size: 6114 MB, Compressed Oops mode: Zero based, Oop shift amount: 3
Narrow klass base: 0x0000000800000000, Narrow klass shift: 0
Compressed class space size: 1073741824 Address: 0x0000000800000000

Heap:
 garbage-first heap   total 472064K, used 72520K [0x0000000681e00000, 0x0000000800000000)
  region size 1024K, 48 young (49152K), 26 survivors (26624K)
 Metaspace       used 78587K, capacity 80610K, committed 80720K, reserved 1120256K
  class space    used 10235K, capacity 10992K, committed 11008K, reserved 1048576K
Heap Regions: E=young(eden), S=young(survivor), O=old, HS=humongous(starts), HC=humongous(continues), CS=collection set, F=free, A=archive, TAMS=top-at-mark-start (previous, next)
|   0|0x0000000681e00000, 0x0000000681f00000, 0x0000000681f00000|100%|HS|  |TAMS 0x0000000681f00000, 0x0000000681e00000| Complete 
|   1|0x0000000681f00000, 0x0000000682000000, 0x0000000682000000|100%|HS|  |TAMS 0x0000000682000000, 0x0000000681f00000| Complete 
|   2|0x0000000682000000, 0x0000000682100000, 0x0000000682100000|100%| O|  |TAMS 0x0000000682100000, 0x0000000682000000| Untracked 
|   3|0x0000000682100000, 0x0000000682200000, 0x0000000682200000|100%| O|  |TAMS 0x0000000682200000, 0x0000000682100000| Untracked 
|   4|0x0000000682200000, 0x0000000682300000, 0x0000000682300000|100%| O|  |TAMS 0x0000000682300000, 0x0000000682200000| Untracked 
|   5|0x0000000682300000, 0x0000000682400000, 0x0000000682400000|100%| O|  |TAMS 0x0000000682400000, 0x0000000682300000| Untracked 
|   6|0x0000000682400000, 0x0000000682500000, 0x0000000682500000|100%| O|  |TAMS 0x0000000682500000, 0x0000000682400000| Untracked 
|   7|0x0000000682500000, 0x0000000682600000, 0x0000000682600000|100%| O|  |TAMS 0x0000000682600000, 0x0000000682500000| Untracked 
|   8|0x0000000682600000, 0x0000000682700000, 0x0000000682700000|100%| O|  |TAMS 0x0000000682700000, 0x0000000682600000| Untracked 
|   9|0x0000000682700000, 0x0000000682800000, 0x0000000682800000|100%| O|  |TAMS 0x0000000682800000, 0x0000000682700000| Untracked 
|  10|0x0000000682800000, 0x0000000682900000, 0x0000000682900000|100%| O|  |TAMS 0x0000000682900000, 0x0000000682800000| Untracked 
|  11|0x0000000682900000, 0x0000000682a00000, 0x0000000682a00000|100%| O|  |TAMS 0x0000000682a00000, 0x0000000682900000| Untracked 
|  12|0x0000000682a00000, 0x0000000682b00000, 0x0000000682b00000|100%| O|  |TAMS 0x0000000682b00000, 0x0000000682a00000| Untracked 
|  13|0x0000000682b00000, 0x0000000682c00000, 0x0000000682c00000|100%| O|  |TAMS 0x0000000682c00000, 0x0000000682b00000| Untracked 
|  14|0x0000000682c00000, 0x0000000682d00000, 0x0000000682d00000|100%| O|  |TAMS 0x0000000682d00000, 0x0000000682c00000| Untracked 
|  15|0x0000000682d00000, 0x0000000682e00000, 0x0000000682e00000|100%| O|  |TAMS 0x0000000682e00000, 0x0000000682d00000| Untracked 
|  16|0x0000000682e00000, 0x0000000682f00000, 0x0000000682f00000|100%| O|  |TAMS 0x0000000682f00000, 0x0000000682e00000| Untracked 
|  17|0x0000000682f00000, 0x0000000683000000, 0x0000000683000000|100%| O|  |TAMS 0x0000000683000000, 0x0000000682f00000| Untracked 
|  18|0x0000000683000000, 0x0000000683100000, 0x0000000683100000|100%| O|  |TAMS 0x0000000683100000, 0x0000000683000000| Untracked 
|  19|0x0000000683100000, 0x0000000683200000, 0x0000000683200000|100%| O|  |TAMS 0x0000000683200000, 0x0000000683100000| Untracked 
|  20|0x0000000683200000, 0x0000000683300000, 0x0000000683300000|100%| O|  |TAMS 0x0000000683288e00, 0x0000000683200000| Untracked 
|  21|0x0000000683300000, 0x0000000683400000, 0x0000000683400000|100%| O|  |TAMS 0x0000000683300000, 0x0000000683300000| Untracked 
|  22|0x0000000683400000, 0x0000000683500000, 0x0000000683500000|100%| O|  |TAMS 0x0000000683400000, 0x0000000683400000| Untracked 
|  23|0x0000000683500000, 0x00000006835d2200, 0x0000000683600000| 82%| O|  |TAMS 0x0000000683500000, 0x0000000683500000| Untracked 
|  24|0x0000000683600000, 0x0000000683600000, 0x0000000683700000|  0%| F|  |TAMS 0x0000000683600000, 0x0000000683600000| Untracked 
|  25|0x0000000683700000, 0x0000000683700000, 0x0000000683800000|  0%| F|  |TAMS 0x0000000683700000, 0x0000000683700000| Untracked 
|  26|0x0000000683800000, 0x0000000683800000, 0x0000000683900000|  0%| F|  |TAMS 0x0000000683800000, 0x0000000683800000| Untracked 
|  27|0x0000000683900000, 0x0000000683900000, 0x0000000683a00000|  0%| F|  |TAMS 0x0000000683900000, 0x0000000683900000| Untracked 
|  28|0x0000000683a00000, 0x0000000683a00000, 0x0000000683b00000|  0%| F|  |TAMS 0x0000000683a00000, 0x0000000683a00000| Untracked 
|  29|0x0000000683b00000, 0x0000000683b00000, 0x0000000683c00000|  0%| F|  |TAMS 0x0000000683b00000, 0x0000000683b00000| Untracked 
|  30|0x0000000683c00000, 0x0000000683c00000, 0x0000000683d00000|  0%| F|  |TAMS 0x0000000683c00000, 0x0000000683c00000| Untracked 
|  31|0x0000000683d00000, 0x0000000683d00000, 0x0000000683e00000|  0%| F|  |TAMS 0x0000000683d00000, 0x0000000683d00000| Untracked 
|  32|0x0000000683e00000, 0x0000000683e00000, 0x0000000683f00000|  0%| F|  |TAMS 0x0000000683e00000, 0x0000000683e00000| Untracked 
|  33|0x0000000683f00000, 0x0000000683f00000, 0x0000000684000000|  0%| F|  |TAMS 0x0000000683f00000, 0x0000000683f00000| Untracked 
|  34|0x0000000684000000, 0x0000000684000000, 0x0000000684100000|  0%| F|  |TAMS 0x0000000684000000, 0x0000000684000000| Untracked 
|  35|0x0000000684100000, 0x0000000684100000, 0x0000000684200000|  0%| F|  |TAMS 0x0000000684100000, 0x0000000684100000| Untracked 
|  36|0x0000000684200000, 0x0000000684200000, 0x0000000684300000|  0%| F|  |TAMS 0x0000000684200000, 0x0000000684200000| Untracked 
|  37|0x0000000684300000, 0x0000000684300000, 0x0000000684400000|  0%| F|  |TAMS 0x0000000684300000, 0x0000000684300000| Untracked 
|  38|0x0000000684400000, 0x0000000684400000, 0x0000000684500000|  0%| F|  |TAMS 0x0000000684400000, 0x0000000684400000| Untracked 
|  39|0x0000000684500000, 0x0000000684500000, 0x0000000684600000|  0%| F|  |TAMS 0x0000000684500000, 0x0000000684500000| Untracked 
|  40|0x0000000684600000, 0x0000000684600000, 0x0000000684700000|  0%| F|  |TAMS 0x0000000684600000, 0x0000000684600000| Untracked 
|  41|0x0000000684700000, 0x0000000684700000, 0x0000000684800000|  0%| F|  |TAMS 0x0000000684700000, 0x0000000684700000| Untracked 
|  42|0x0000000684800000, 0x0000000684800000, 0x0000000684900000|  0%| F|  |TAMS 0x0000000684800000, 0x0000000684800000| Untracked 
|  43|0x0000000684900000, 0x0000000684900000, 0x0000000684a00000|  0%| F|  |TAMS 0x0000000684900000, 0x0000000684900000| Untracked 
|  44|0x0000000684a00000, 0x0000000684a00000, 0x0000000684b00000|  0%| F|  |TAMS 0x0000000684a00000, 0x0000000684a00000| Untracked 
|  45|0x0000000684b00000, 0x0000000684b00000, 0x0000000684c00000|  0%| F|  |TAMS 0x0000000684b00000, 0x0000000684b00000| Untracked 
|  46|0x0000000684c00000, 0x0000000684c00000, 0x0000000684d00000|  0%| F|  |TAMS 0x0000000684c00000, 0x0000000684c00000| Untracked 
|  47|0x0000000684d00000, 0x0000000684d00000, 0x0000000684e00000|  0%| F|  |TAMS 0x0000000684d00000, 0x0000000684d00000| Untracked 
|  48|0x0000000684e00000, 0x0000000684e00000, 0x0000000684f00000|  0%| F|  |TAMS 0x0000000684e00000, 0x0000000684e00000| Untracked 
|  49|0x0000000684f00000, 0x0000000684f00000, 0x0000000685000000|  0%| F|  |TAMS 0x0000000684f00000, 0x0000000684f00000| Untracked 
|  50|0x0000000685000000, 0x0000000685000000, 0x0000000685100000|  0%| F|  |TAMS 0x0000000685000000, 0x0000000685000000| Untracked 
|  51|0x0000000685100000, 0x0000000685100000, 0x0000000685200000|  0%| F|  |TAMS 0x0000000685100000, 0x0000000685100000| Untracked 
|  52|0x0000000685200000, 0x0000000685200000, 0x0000000685300000|  0%| F|  |TAMS 0x0000000685200000, 0x0000000685200000| Untracked 
|  53|0x0000000685300000, 0x0000000685300000, 0x0000000685400000|  0%| F|  |TAMS 0x0000000685300000, 0x0000000685300000| Untracked 
|  54|0x0000000685400000, 0x0000000685400000, 0x0000000685500000|  0%| F|  |TAMS 0x0000000685400000, 0x0000000685400000| Untracked 
|  55|0x0000000685500000, 0x0000000685500000, 0x0000000685600000|  0%| F|  |TAMS 0x0000000685500000, 0x0000000685500000| Untracked 
|  56|0x0000000685600000, 0x0000000685600000, 0x0000000685700000|  0%| F|  |TAMS 0x0000000685600000, 0x0000000685600000| Untracked 
|  57|0x0000000685700000, 0x0000000685700000, 0x0000000685800000|  0%| F|  |TAMS 0x0000000685700000, 0x0000000685700000| Untracked 
|  58|0x0000000685800000, 0x0000000685800000, 0x0000000685900000|  0%| F|  |TAMS 0x0000000685800000, 0x0000000685800000| Untracked 
|  59|0x0000000685900000, 0x0000000685900000, 0x0000000685a00000|  0%| F|  |TAMS 0x0000000685900000, 0x0000000685900000| Untracked 
|  60|0x0000000685a00000, 0x0000000685a00000, 0x0000000685b00000|  0%| F|  |TAMS 0x0000000685a00000, 0x0000000685a00000| Untracked 
|  61|0x0000000685b00000, 0x0000000685b00000, 0x0000000685c00000|  0%| F|  |TAMS 0x0000000685b00000, 0x0000000685b00000| Untracked 
|  62|0x0000000685c00000, 0x0000000685c00000, 0x0000000685d00000|  0%| F|  |TAMS 0x0000000685c00000, 0x0000000685c00000| Untracked 
|  63|0x0000000685d00000, 0x0000000685d00000, 0x0000000685e00000|  0%| F|  |TAMS 0x0000000685d00000, 0x0000000685d00000| Untracked 
|  64|0x0000000685e00000, 0x0000000685e00000, 0x0000000685f00000|  0%| F|  |TAMS 0x0000000685e00000, 0x0000000685e00000| Untracked 
|  65|0x0000000685f00000, 0x0000000685f00000, 0x0000000686000000|  0%| F|  |TAMS 0x0000000685f00000, 0x0000000685f00000| Untracked 
|  66|0x0000000686000000, 0x0000000686000000, 0x0000000686100000|  0%| F|  |TAMS 0x0000000686000000, 0x0000000686000000| Untracked 
|  67|0x0000000686100000, 0x0000000686100000, 0x0000000686200000|  0%| F|  |TAMS 0x0000000686100000, 0x0000000686100000| Untracked 
|  68|0x0000000686200000, 0x0000000686200000, 0x0000000686300000|  0%| F|  |TAMS 0x0000000686200000, 0x0000000686200000| Untracked 
|  69|0x0000000686300000, 0x0000000686300000, 0x0000000686400000|  0%| F|  |TAMS 0x0000000686300000, 0x0000000686300000| Untracked 
|  70|0x0000000686400000, 0x0000000686400000, 0x0000000686500000|  0%| F|  |TAMS 0x0000000686400000, 0x0000000686400000| Untracked 
|  71|0x0000000686500000, 0x0000000686500000, 0x0000000686600000|  0%| F|  |TAMS 0x0000000686500000, 0x0000000686500000| Untracked 
|  72|0x0000000686600000, 0x0000000686600000, 0x0000000686700000|  0%| F|  |TAMS 0x0000000686600000, 0x0000000686600000| Untracked 
|  73|0x0000000686700000, 0x0000000686700000, 0x0000000686800000|  0%| F|  |TAMS 0x0000000686700000, 0x0000000686700000| Untracked 
|  74|0x0000000686800000, 0x0000000686800000, 0x0000000686900000|  0%| F|  |TAMS 0x0000000686800000, 0x0000000686800000| Untracked 
|  75|0x0000000686900000, 0x0000000686900000, 0x0000000686a00000|  0%| F|  |TAMS 0x0000000686900000, 0x0000000686900000| Untracked 
|  76|0x0000000686a00000, 0x0000000686a00000, 0x0000000686b00000|  0%| F|  |TAMS 0x0000000686a00000, 0x0000000686a00000| Untracked 
|  77|0x0000000686b00000, 0x0000000686b00000, 0x0000000686c00000|  0%| F|  |TAMS 0x0000000686b00000, 0x0000000686b00000| Untracked 
|  78|0x0000000686c00000, 0x0000000686c00000, 0x0000000686d00000|  0%| F|  |TAMS 0x0000000686c00000, 0x0000000686c00000| Untracked 
|  79|0x0000000686d00000, 0x0000000686d00000, 0x0000000686e00000|  0%| F|  |TAMS 0x0000000686d00000, 0x0000000686d00000| Untracked 
|  80|0x0000000686e00000, 0x0000000686e00000, 0x0000000686f00000|  0%| F|  |TAMS 0x0000000686e00000, 0x0000000686e00000| Untracked 
|  81|0x0000000686f00000, 0x0000000686f00000, 0x0000000687000000|  0%| F|  |TAMS 0x0000000686f00000, 0x0000000686f00000| Untracked 
|  82|0x0000000687000000, 0x0000000687000000, 0x0000000687100000|  0%| F|  |TAMS 0x0000000687000000, 0x0000000687000000| Untracked 
|  83|0x0000000687100000, 0x0000000687100000, 0x0000000687200000|  0%| F|  |TAMS 0x0000000687100000, 0x0000000687100000| Untracked 
|  84|0x0000000687200000, 0x0000000687200000, 0x0000000687300000|  0%| F|  |TAMS 0x0000000687200000, 0x0000000687200000| Untracked 
|  85|0x0000000687300000, 0x0000000687300000, 0x0000000687400000|  0%| F|  |TAMS 0x0000000687300000, 0x0000000687300000| Untracked 
|  86|0x0000000687400000, 0x0000000687400000, 0x0000000687500000|  0%| F|  |TAMS 0x0000000687400000, 0x0000000687400000| Untracked 
|  87|0x0000000687500000, 0x0000000687500000, 0x0000000687600000|  0%| F|  |TAMS 0x0000000687500000, 0x0000000687500000| Untracked 
|  88|0x0000000687600000, 0x0000000687600000, 0x0000000687700000|  0%| F|  |TAMS 0x0000000687600000, 0x0000000687600000| Untracked 
|  89|0x0000000687700000, 0x0000000687700000, 0x0000000687800000|  0%| F|  |TAMS 0x0000000687700000, 0x0000000687700000| Untracked 
|  90|0x0000000687800000, 0x0000000687800000, 0x0000000687900000|  0%| F|  |TAMS 0x0000000687800000, 0x0000000687800000| Untracked 
|  91|0x0000000687900000, 0x0000000687900000, 0x0000000687a00000|  0%| F|  |TAMS 0x0000000687900000, 0x0000000687900000| Untracked 
|  92|0x0000000687a00000, 0x0000000687a00000, 0x0000000687b00000|  0%| F|  |TAMS 0x0000000687a00000, 0x0000000687a00000| Untracked 
|  93|0x0000000687b00000, 0x0000000687b00000, 0x0000000687c00000|  0%| F|  |TAMS 0x0000000687b00000, 0x0000000687b00000| Untracked 
|  94|0x0000000687c00000, 0x0000000687c00000, 0x0000000687d00000|  0%| F|  |TAMS 0x0000000687c00000, 0x0000000687c00000| Untracked 
|  95|0x0000000687d00000, 0x0000000687d00000, 0x0000000687e00000|  0%| F|  |TAMS 0x0000000687d00000, 0x0000000687d00000| Untracked 
|  96|0x0000000687e00000, 0x0000000687e00000, 0x0000000687f00000|  0%| F|  |TAMS 0x0000000687e00000, 0x0000000687e00000| Untracked 
|  97|0x0000000687f00000, 0x0000000687f00000, 0x0000000688000000|  0%| F|  |TAMS 0x0000000687f00000, 0x0000000687f00000| Untracked 
|  98|0x0000000688000000, 0x0000000688000000, 0x0000000688100000|  0%| F|  |TAMS 0x0000000688000000, 0x0000000688000000| Untracked 
|  99|0x0000000688100000, 0x0000000688100000, 0x0000000688200000|  0%| F|  |TAMS 0x0000000688100000, 0x0000000688100000| Untracked 
| 100|0x0000000688200000, 0x0000000688200000, 0x0000000688300000|  0%| F|  |TAMS 0x0000000688200000, 0x0000000688200000| Untracked 
| 101|0x0000000688300000, 0x0000000688300000, 0x0000000688400000|  0%| F|  |TAMS 0x0000000688300000, 0x0000000688300000| Untracked 
| 102|0x0000000688400000, 0x0000000688400000, 0x0000000688500000|  0%| F|  |TAMS 0x0000000688400000, 0x0000000688400000| Untracked 
| 103|0x0000000688500000, 0x0000000688500000, 0x0000000688600000|  0%| F|  |TAMS 0x0000000688500000, 0x0000000688500000| Untracked 
| 104|0x0000000688600000, 0x0000000688600000, 0x0000000688700000|  0%| F|  |TAMS 0x0000000688600000, 0x0000000688600000| Untracked 
| 105|0x0000000688700000, 0x0000000688700000, 0x0000000688800000|  0%| F|  |TAMS 0x0000000688700000, 0x0000000688700000| Untracked 
| 106|0x0000000688800000, 0x0000000688800000, 0x0000000688900000|  0%| F|  |TAMS 0x0000000688800000, 0x0000000688800000| Untracked 
| 107|0x0000000688900000, 0x0000000688900000, 0x0000000688a00000|  0%| F|  |TAMS 0x0000000688900000, 0x0000000688900000| Untracked 
| 108|0x0000000688a00000, 0x0000000688a00000, 0x0000000688b00000|  0%| F|  |TAMS 0x0000000688a00000, 0x0000000688a00000| Untracked 
| 109|0x0000000688b00000, 0x0000000688b00000, 0x0000000688c00000|  0%| F|  |TAMS 0x0000000688b00000, 0x0000000688b00000| Untracked 
| 110|0x0000000688c00000, 0x0000000688c00000, 0x0000000688d00000|  0%| F|  |TAMS 0x0000000688c00000, 0x0000000688c00000| Untracked 
| 111|0x0000000688d00000, 0x0000000688d00000, 0x0000000688e00000|  0%| F|  |TAMS 0x0000000688d00000, 0x0000000688d00000| Untracked 
| 112|0x0000000688e00000, 0x0000000688e00000, 0x0000000688f00000|  0%| F|  |TAMS 0x0000000688e00000, 0x0000000688e00000| Untracked 
| 113|0x0000000688f00000, 0x0000000688f00000, 0x0000000689000000|  0%| F|  |TAMS 0x0000000688f00000, 0x0000000688f00000| Untracked 
| 114|0x0000000689000000, 0x0000000689000000, 0x0000000689100000|  0%| F|  |TAMS 0x0000000689000000, 0x0000000689000000| Untracked 
| 115|0x0000000689100000, 0x0000000689100000, 0x0000000689200000|  0%| F|  |TAMS 0x0000000689100000, 0x0000000689100000| Untracked 
| 116|0x0000000689200000, 0x0000000689200000, 0x0000000689300000|  0%| F|  |TAMS 0x0000000689200000, 0x0000000689200000| Untracked 
| 117|0x0000000689300000, 0x0000000689300000, 0x0000000689400000|  0%| F|  |TAMS 0x0000000689300000, 0x0000000689300000| Untracked 
| 118|0x0000000689400000, 0x0000000689400000, 0x0000000689500000|  0%| F|  |TAMS 0x0000000689400000, 0x0000000689400000| Untracked 
| 119|0x0000000689500000, 0x0000000689500000, 0x0000000689600000|  0%| F|  |TAMS 0x0000000689500000, 0x0000000689500000| Untracked 
| 120|0x0000000689600000, 0x0000000689600000, 0x0000000689700000|  0%| F|  |TAMS 0x0000000689600000, 0x0000000689600000| Untracked 
| 121|0x0000000689700000, 0x0000000689700000, 0x0000000689800000|  0%| F|  |TAMS 0x0000000689700000, 0x0000000689700000| Untracked 
| 122|0x0000000689800000, 0x0000000689800000, 0x0000000689900000|  0%| F|  |TAMS 0x0000000689800000, 0x0000000689800000| Untracked 
| 123|0x0000000689900000, 0x0000000689900000, 0x0000000689a00000|  0%| F|  |TAMS 0x0000000689900000, 0x0000000689900000| Untracked 
| 124|0x0000000689a00000, 0x0000000689a00000, 0x0000000689b00000|  0%| F|  |TAMS 0x0000000689a00000, 0x0000000689a00000| Untracked 
| 125|0x0000000689b00000, 0x0000000689b00000, 0x0000000689c00000|  0%| F|  |TAMS 0x0000000689b00000, 0x0000000689b00000| Untracked 
| 126|0x0000000689c00000, 0x0000000689c00000, 0x0000000689d00000|  0%| F|  |TAMS 0x0000000689c00000, 0x0000000689c00000| Untracked 
| 127|0x0000000689d00000, 0x0000000689d00000, 0x0000000689e00000|  0%| F|  |TAMS 0x0000000689d00000, 0x0000000689d00000| Untracked 
| 128|0x0000000689e00000, 0x0000000689e00000, 0x0000000689f00000|  0%| F|  |TAMS 0x0000000689e00000, 0x0000000689e00000| Untracked 
| 129|0x0000000689f00000, 0x0000000689f00000, 0x000000068a000000|  0%| F|  |TAMS 0x0000000689f00000, 0x0000000689f00000| Untracked 
| 130|0x000000068a000000, 0x000000068a000000, 0x000000068a100000|  0%| F|  |TAMS 0x000000068a000000, 0x000000068a000000| Untracked 
| 131|0x000000068a100000, 0x000000068a100000, 0x000000068a200000|  0%| F|  |TAMS 0x000000068a100000, 0x000000068a100000| Untracked 
| 132|0x000000068a200000, 0x000000068a200000, 0x000000068a300000|  0%| F|  |TAMS 0x000000068a200000, 0x000000068a200000| Untracked 
| 133|0x000000068a300000, 0x000000068a300000, 0x000000068a400000|  0%| F|  |TAMS 0x000000068a300000, 0x000000068a300000| Untracked 
| 134|0x000000068a400000, 0x000000068a400000, 0x000000068a500000|  0%| F|  |TAMS 0x000000068a400000, 0x000000068a400000| Untracked 
| 135|0x000000068a500000, 0x000000068a500000, 0x000000068a600000|  0%| F|  |TAMS 0x000000068a500000, 0x000000068a500000| Untracked 
| 136|0x000000068a600000, 0x000000068a600000, 0x000000068a700000|  0%| F|  |TAMS 0x000000068a600000, 0x000000068a600000| Untracked 
| 137|0x000000068a700000, 0x000000068a700000, 0x000000068a800000|  0%| F|  |TAMS 0x000000068a700000, 0x000000068a700000| Untracked 
| 138|0x000000068a800000, 0x000000068a800000, 0x000000068a900000|  0%| F|  |TAMS 0x000000068a800000, 0x000000068a800000| Untracked 
| 139|0x000000068a900000, 0x000000068a900000, 0x000000068aa00000|  0%| F|  |TAMS 0x000000068a900000, 0x000000068a900000| Untracked 
| 140|0x000000068aa00000, 0x000000068aa00000, 0x000000068ab00000|  0%| F|  |TAMS 0x000000068aa00000, 0x000000068aa00000| Untracked 
| 141|0x000000068ab00000, 0x000000068ab00000, 0x000000068ac00000|  0%| F|  |TAMS 0x000000068ab00000, 0x000000068ab00000| Untracked 
| 142|0x000000068ac00000, 0x000000068ac00000, 0x000000068ad00000|  0%| F|  |TAMS 0x000000068ac00000, 0x000000068ac00000| Untracked 
| 143|0x000000068ad00000, 0x000000068ad00000, 0x000000068ae00000|  0%| F|  |TAMS 0x000000068ad00000, 0x000000068ad00000| Untracked 
| 144|0x000000068ae00000, 0x000000068ae00000, 0x000000068af00000|  0%| F|  |TAMS 0x000000068ae00000, 0x000000068ae00000| Untracked 
| 145|0x000000068af00000, 0x000000068af00000, 0x000000068b000000|  0%| F|  |TAMS 0x000000068af00000, 0x000000068af00000| Untracked 
| 146|0x000000068b000000, 0x000000068b000000, 0x000000068b100000|  0%| F|  |TAMS 0x000000068b000000, 0x000000068b000000| Untracked 
| 147|0x000000068b100000, 0x000000068b100000, 0x000000068b200000|  0%| F|  |TAMS 0x000000068b100000, 0x000000068b100000| Untracked 
| 148|0x000000068b200000, 0x000000068b200000, 0x000000068b300000|  0%| F|  |TAMS 0x000000068b200000, 0x000000068b200000| Untracked 
| 149|0x000000068b300000, 0x000000068b300000, 0x000000068b400000|  0%| F|  |TAMS 0x000000068b300000, 0x000000068b300000| Untracked 
| 150|0x000000068b400000, 0x000000068b400000, 0x000000068b500000|  0%| F|  |TAMS 0x000000068b400000, 0x000000068b400000| Untracked 
| 151|0x000000068b500000, 0x000000068b500000, 0x000000068b600000|  0%| F|  |TAMS 0x000000068b500000, 0x000000068b500000| Untracked 
| 152|0x000000068b600000, 0x000000068b600000, 0x000000068b700000|  0%| F|  |TAMS 0x000000068b600000, 0x000000068b600000| Untracked 
| 153|0x000000068b700000, 0x000000068b700000, 0x000000068b800000|  0%| F|  |TAMS 0x000000068b700000, 0x000000068b700000| Untracked 
| 154|0x000000068b800000, 0x000000068b800000, 0x000000068b900000|  0%| F|  |TAMS 0x000000068b800000, 0x000000068b800000| Untracked 
| 155|0x000000068b900000, 0x000000068b900000, 0x000000068ba00000|  0%| F|  |TAMS 0x000000068b900000, 0x000000068b900000| Untracked 
| 156|0x000000068ba00000, 0x000000068ba00000, 0x000000068bb00000|  0%| F|  |TAMS 0x000000068ba00000, 0x000000068ba00000| Untracked 
| 157|0x000000068bb00000, 0x000000068bb00000, 0x000000068bc00000|  0%| F|  |TAMS 0x000000068bb00000, 0x000000068bb00000| Untracked 
| 158|0x000000068bc00000, 0x000000068bc00000, 0x000000068bd00000|  0%| F|  |TAMS 0x000000068bc00000, 0x000000068bc00000| Untracked 
| 159|0x000000068bd00000, 0x000000068be00000, 0x000000068be00000|100%| S|CS|TAMS 0x000000068bd00000, 0x000000068bd00000| Complete 
| 160|0x000000068be00000, 0x000000068bf00000, 0x000000068bf00000|100%| S|CS|TAMS 0x000000068be00000, 0x000000068be00000| Complete 
| 161|0x000000068bf00000, 0x000000068c000000, 0x000000068c000000|100%| S|CS|TAMS 0x000000068bf00000, 0x000000068bf00000| Complete 
| 162|0x000000068c000000, 0x000000068c100000, 0x000000068c100000|100%| S|CS|TAMS 0x000000068c000000, 0x000000068c000000| Complete 
| 163|0x000000068c100000, 0x000000068c200000, 0x000000068c200000|100%| S|CS|TAMS 0x000000068c100000, 0x000000068c100000| Complete 
| 164|0x000000068c200000, 0x000000068c300000, 0x000000068c300000|100%| S|CS|TAMS 0x000000068c200000, 0x000000068c200000| Complete 
| 165|0x000000068c300000, 0x000000068c400000, 0x000000068c400000|100%| S|CS|TAMS 0x000000068c300000, 0x000000068c300000| Complete 
| 166|0x000000068c400000, 0x000000068c500000, 0x000000068c500000|100%| S|CS|TAMS 0x000000068c400000, 0x000000068c400000| Complete 
| 167|0x000000068c500000, 0x000000068c600000, 0x000000068c600000|100%| S|CS|TAMS 0x000000068c500000, 0x000000068c500000| Complete 
| 168|0x000000068c600000, 0x000000068c700000, 0x000000068c700000|100%| S|CS|TAMS 0x000000068c600000, 0x000000068c600000| Complete 
| 169|0x000000068c700000, 0x000000068c800000, 0x000000068c800000|100%| S|CS|TAMS 0x000000068c700000, 0x000000068c700000| Complete 
| 170|0x000000068c800000, 0x000000068c900000, 0x000000068c900000|100%| S|CS|TAMS 0x000000068c800000, 0x000000068c800000| Complete 
| 171|0x000000068c900000, 0x000000068ca00000, 0x000000068ca00000|100%| S|CS|TAMS 0x000000068c900000, 0x000000068c900000| Complete 
| 172|0x000000068ca00000, 0x000000068cb00000, 0x000000068cb00000|100%| S|CS|TAMS 0x000000068ca00000, 0x000000068ca00000| Complete 
| 173|0x000000068cb00000, 0x000000068cc00000, 0x000000068cc00000|100%| S|CS|TAMS 0x000000068cb00000, 0x000000068cb00000| Complete 
| 174|0x000000068cc00000, 0x000000068cd00000, 0x000000068cd00000|100%| S|CS|TAMS 0x000000068cc00000, 0x000000068cc00000| Complete 
| 175|0x000000068cd00000, 0x000000068ce00000, 0x000000068ce00000|100%| S|CS|TAMS 0x000000068cd00000, 0x000000068cd00000| Complete 
| 176|0x000000068ce00000, 0x000000068cf00000, 0x000000068cf00000|100%| S|CS|TAMS 0x000000068ce00000, 0x000000068ce00000| Complete 
| 177|0x000000068cf00000, 0x000000068d000000, 0x000000068d000000|100%| S|CS|TAMS 0x000000068cf00000, 0x000000068cf00000| Complete 
| 178|0x000000068d000000, 0x000000068d100000, 0x000000068d100000|100%| S|CS|TAMS 0x000000068d000000, 0x000000068d000000| Complete 
| 179|0x000000068d100000, 0x000000068d200000, 0x000000068d200000|100%| S|CS|TAMS 0x000000068d100000, 0x000000068d100000| Complete 
| 180|0x000000068d200000, 0x000000068d300000, 0x000000068d300000|100%| S|CS|TAMS 0x000000068d200000, 0x000000068d200000| Complete 
| 181|0x000000068d300000, 0x000000068d400000, 0x000000068d400000|100%| S|CS|TAMS 0x000000068d300000, 0x000000068d300000| Complete 
| 182|0x000000068d400000, 0x000000068d500000, 0x000000068d500000|100%| S|CS|TAMS 0x000000068d400000, 0x000000068d400000| Complete 
| 183|0x000000068d500000, 0x000000068d600000, 0x000000068d600000|100%| S|CS|TAMS 0x000000068d500000, 0x000000068d500000| Complete 
| 184|0x000000068d600000, 0x000000068d700000, 0x000000068d700000|100%| S|CS|TAMS 0x000000068d600000, 0x000000068d600000| Complete 
| 185|0x000000068d700000, 0x000000068d700000, 0x000000068d800000|  0%| F|  |TAMS 0x000000068d700000, 0x000000068d700000| Untracked 
| 186|0x000000068d800000, 0x000000068d800000, 0x000000068d900000|  0%| F|  |TAMS 0x000000068d800000, 0x000000068d800000| Untracked 
| 187|0x000000068d900000, 0x000000068d900000, 0x000000068da00000|  0%| F|  |TAMS 0x000000068d900000, 0x000000068d900000| Untracked 
| 188|0x000000068da00000, 0x000000068da00000, 0x000000068db00000|  0%| F|  |TAMS 0x000000068da00000, 0x000000068da00000| Untracked 
| 189|0x000000068db00000, 0x000000068db00000, 0x000000068dc00000|  0%| F|  |TAMS 0x000000068db00000, 0x000000068db00000| Untracked 
| 190|0x000000068dc00000, 0x000000068dc00000, 0x000000068dd00000|  0%| F|  |TAMS 0x000000068dc00000, 0x000000068dc00000| Untracked 
| 191|0x000000068dd00000, 0x000000068dd00000, 0x000000068de00000|  0%| F|  |TAMS 0x000000068dd00000, 0x000000068dd00000| Untracked 
| 192|0x000000068de00000, 0x000000068de00000, 0x000000068df00000|  0%| F|  |TAMS 0x000000068de00000, 0x000000068de00000| Untracked 
| 193|0x000000068df00000, 0x000000068df00000, 0x000000068e000000|  0%| F|  |TAMS 0x000000068df00000, 0x000000068df00000| Untracked 
| 194|0x000000068e000000, 0x000000068e000000, 0x000000068e100000|  0%| F|  |TAMS 0x000000068e000000, 0x000000068e000000| Untracked 
| 195|0x000000068e100000, 0x000000068e100000, 0x000000068e200000|  0%| F|  |TAMS 0x000000068e100000, 0x000000068e100000| Untracked 
| 196|0x000000068e200000, 0x000000068e200000, 0x000000068e300000|  0%| F|  |TAMS 0x000000068e200000, 0x000000068e200000| Untracked 
| 197|0x000000068e300000, 0x000000068e300000, 0x000000068e400000|  0%| F|  |TAMS 0x000000068e300000, 0x000000068e300000| Untracked 
| 198|0x000000068e400000, 0x000000068e400000, 0x000000068e500000|  0%| F|  |TAMS 0x000000068e400000, 0x000000068e400000| Untracked 
| 199|0x000000068e500000, 0x000000068e500000, 0x000000068e600000|  0%| F|  |TAMS 0x000000068e500000, 0x000000068e500000| Untracked 
| 200|0x000000068e600000, 0x000000068e600000, 0x000000068e700000|  0%| F|  |TAMS 0x000000068e600000, 0x000000068e600000| Untracked 
| 201|0x000000068e700000, 0x000000068e700000, 0x000000068e800000|  0%| F|  |TAMS 0x000000068e700000, 0x000000068e700000| Untracked 
| 202|0x000000068e800000, 0x000000068e800000, 0x000000068e900000|  0%| F|  |TAMS 0x000000068e800000, 0x000000068e800000| Untracked 
| 203|0x000000068e900000, 0x000000068e900000, 0x000000068ea00000|  0%| F|  |TAMS 0x000000068e900000, 0x000000068e900000| Untracked 
| 204|0x000000068ea00000, 0x000000068ea00000, 0x000000068eb00000|  0%| F|  |TAMS 0x000000068ea00000, 0x000000068ea00000| Untracked 
| 205|0x000000068eb00000, 0x000000068eb00000, 0x000000068ec00000|  0%| F|  |TAMS 0x000000068eb00000, 0x000000068eb00000| Untracked 
| 206|0x000000068ec00000, 0x000000068ec00000, 0x000000068ed00000|  0%| F|  |TAMS 0x000000068ec00000, 0x000000068ec00000| Untracked 
| 207|0x000000068ed00000, 0x000000068ed00000, 0x000000068ee00000|  0%| F|  |TAMS 0x000000068ed00000, 0x000000068ed00000| Untracked 
| 208|0x000000068ee00000, 0x000000068ee00000, 0x000000068ef00000|  0%| F|  |TAMS 0x000000068ee00000, 0x000000068ee00000| Untracked 
| 209|0x000000068ef00000, 0x000000068ef00000, 0x000000068f000000|  0%| F|  |TAMS 0x000000068ef00000, 0x000000068ef00000| Untracked 
| 210|0x000000068f000000, 0x000000068f000000, 0x000000068f100000|  0%| F|  |TAMS 0x000000068f000000, 0x000000068f000000| Untracked 
| 211|0x000000068f100000, 0x000000068f100000, 0x000000068f200000|  0%| F|  |TAMS 0x000000068f100000, 0x000000068f100000| Untracked 
| 212|0x000000068f200000, 0x000000068f200000, 0x000000068f300000|  0%| F|  |TAMS 0x000000068f200000, 0x000000068f200000| Untracked 
| 213|0x000000068f300000, 0x000000068f300000, 0x000000068f400000|  0%| F|  |TAMS 0x000000068f300000, 0x000000068f300000| Untracked 
| 214|0x000000068f400000, 0x000000068f400000, 0x000000068f500000|  0%| F|  |TAMS 0x000000068f400000, 0x000000068f400000| Untracked 
| 215|0x000000068f500000, 0x000000068f500000, 0x000000068f600000|  0%| F|  |TAMS 0x000000068f500000, 0x000000068f500000| Untracked 
| 216|0x000000068f600000, 0x000000068f600000, 0x000000068f700000|  0%| F|  |TAMS 0x000000068f600000, 0x000000068f600000| Untracked 
| 217|0x000000068f700000, 0x000000068f700000, 0x000000068f800000|  0%| F|  |TAMS 0x000000068f700000, 0x000000068f700000| Untracked 
| 218|0x000000068f800000, 0x000000068f800000, 0x000000068f900000|  0%| F|  |TAMS 0x000000068f800000, 0x000000068f800000| Untracked 
| 219|0x000000068f900000, 0x000000068f900000, 0x000000068fa00000|  0%| F|  |TAMS 0x000000068f900000, 0x000000068f900000| Untracked 
| 220|0x000000068fa00000, 0x000000068fa00000, 0x000000068fb00000|  0%| F|  |TAMS 0x000000068fa00000, 0x000000068fa00000| Untracked 
| 221|0x000000068fb00000, 0x000000068fb00000, 0x000000068fc00000|  0%| F|  |TAMS 0x000000068fb00000, 0x000000068fb00000| Untracked 
| 222|0x000000068fc00000, 0x000000068fc00000, 0x000000068fd00000|  0%| F|  |TAMS 0x000000068fc00000, 0x000000068fc00000| Untracked 
| 223|0x000000068fd00000, 0x000000068fd00000, 0x000000068fe00000|  0%| F|  |TAMS 0x000000068fd00000, 0x000000068fd00000| Untracked 
| 224|0x000000068fe00000, 0x000000068fe00000, 0x000000068ff00000|  0%| F|  |TAMS 0x000000068fe00000, 0x000000068fe00000| Untracked 
| 225|0x000000068ff00000, 0x000000068ff00000, 0x0000000690000000|  0%| F|  |TAMS 0x000000068ff00000, 0x000000068ff00000| Untracked 
| 226|0x0000000690000000, 0x0000000690000000, 0x0000000690100000|  0%| F|  |TAMS 0x0000000690000000, 0x0000000690000000| Untracked 
| 227|0x0000000690100000, 0x0000000690100000, 0x0000000690200000|  0%| F|  |TAMS 0x0000000690100000, 0x0000000690100000| Untracked 
| 228|0x0000000690200000, 0x0000000690200000, 0x0000000690300000|  0%| F|  |TAMS 0x0000000690200000, 0x0000000690200000| Untracked 
| 229|0x0000000690300000, 0x0000000690300000, 0x0000000690400000|  0%| F|  |TAMS 0x0000000690300000, 0x0000000690300000| Untracked 
| 230|0x0000000690400000, 0x0000000690400000, 0x0000000690500000|  0%| F|  |TAMS 0x0000000690400000, 0x0000000690400000| Untracked 
| 231|0x0000000690500000, 0x0000000690500000, 0x0000000690600000|  0%| F|  |TAMS 0x0000000690500000, 0x0000000690500000| Untracked 
| 232|0x0000000690600000, 0x0000000690600000, 0x0000000690700000|  0%| F|  |TAMS 0x0000000690600000, 0x0000000690600000| Untracked 
| 233|0x0000000690700000, 0x0000000690700000, 0x0000000690800000|  0%| F|  |TAMS 0x0000000690700000, 0x0000000690700000| Untracked 
| 234|0x0000000690800000, 0x0000000690800000, 0x0000000690900000|  0%| F|  |TAMS 0x0000000690800000, 0x0000000690800000| Untracked 
| 235|0x0000000690900000, 0x0000000690900000, 0x0000000690a00000|  0%| F|  |TAMS 0x0000000690900000, 0x0000000690900000| Untracked 
| 236|0x0000000690a00000, 0x0000000690a00000, 0x0000000690b00000|  0%| F|  |TAMS 0x0000000690a00000, 0x0000000690a00000| Untracked 
| 237|0x0000000690b00000, 0x0000000690b00000, 0x0000000690c00000|  0%| F|  |TAMS 0x0000000690b00000, 0x0000000690b00000| Untracked 
| 238|0x0000000690c00000, 0x0000000690c00000, 0x0000000690d00000|  0%| F|  |TAMS 0x0000000690c00000, 0x0000000690c00000| Untracked 
| 239|0x0000000690d00000, 0x0000000690d00000, 0x0000000690e00000|  0%| F|  |TAMS 0x0000000690d00000, 0x0000000690d00000| Untracked 
| 240|0x0000000690e00000, 0x0000000690e00000, 0x0000000690f00000|  0%| F|  |TAMS 0x0000000690e00000, 0x0000000690e00000| Untracked 
| 241|0x0000000690f00000, 0x0000000690f00000, 0x0000000691000000|  0%| F|  |TAMS 0x0000000690f00000, 0x0000000690f00000| Untracked 
| 242|0x0000000691000000, 0x0000000691000000, 0x0000000691100000|  0%| F|  |TAMS 0x0000000691000000, 0x0000000691000000| Untracked 
| 243|0x0000000691100000, 0x0000000691100000, 0x0000000691200000|  0%| F|  |TAMS 0x0000000691100000, 0x0000000691100000| Untracked 
| 244|0x0000000691200000, 0x0000000691200000, 0x0000000691300000|  0%| F|  |TAMS 0x0000000691200000, 0x0000000691200000| Untracked 
| 245|0x0000000691300000, 0x0000000691300000, 0x0000000691400000|  0%| F|  |TAMS 0x0000000691300000, 0x0000000691300000| Untracked 
| 246|0x0000000691400000, 0x0000000691400000, 0x0000000691500000|  0%| F|  |TAMS 0x0000000691400000, 0x0000000691400000| Untracked 
| 247|0x0000000691500000, 0x0000000691500000, 0x0000000691600000|  0%| F|  |TAMS 0x0000000691500000, 0x0000000691500000| Untracked 
| 248|0x0000000691600000, 0x0000000691600000, 0x0000000691700000|  0%| F|  |TAMS 0x0000000691600000, 0x0000000691600000| Untracked 
| 249|0x0000000691700000, 0x0000000691700000, 0x0000000691800000|  0%| F|  |TAMS 0x0000000691700000, 0x0000000691700000| Untracked 
| 250|0x0000000691800000, 0x0000000691800000, 0x0000000691900000|  0%| F|  |TAMS 0x0000000691800000, 0x0000000691800000| Untracked 
| 251|0x0000000691900000, 0x0000000691900000, 0x0000000691a00000|  0%| F|  |TAMS 0x0000000691900000, 0x0000000691900000| Untracked 
| 252|0x0000000691a00000, 0x0000000691a00000, 0x0000000691b00000|  0%| F|  |TAMS 0x0000000691a00000, 0x0000000691a00000| Untracked 
| 253|0x0000000691b00000, 0x0000000691b00000, 0x0000000691c00000|  0%| F|  |TAMS 0x0000000691b00000, 0x0000000691b00000| Untracked 
| 254|0x0000000691c00000, 0x0000000691c00000, 0x0000000691d00000|  0%| F|  |TAMS 0x0000000691c00000, 0x0000000691c00000| Untracked 
| 255|0x0000000691d00000, 0x0000000691d00000, 0x0000000691e00000|  0%| F|  |TAMS 0x0000000691d00000, 0x0000000691d00000| Untracked 
| 256|0x0000000691e00000, 0x0000000691e00000, 0x0000000691f00000|  0%| F|  |TAMS 0x0000000691e00000, 0x0000000691e00000| Untracked 
| 257|0x0000000691f00000, 0x0000000691f00000, 0x0000000692000000|  0%| F|  |TAMS 0x0000000691f00000, 0x0000000691f00000| Untracked 
| 258|0x0000000692000000, 0x0000000692000000, 0x0000000692100000|  0%| F|  |TAMS 0x0000000692000000, 0x0000000692000000| Untracked 
| 259|0x0000000692100000, 0x0000000692100000, 0x0000000692200000|  0%| F|  |TAMS 0x0000000692100000, 0x0000000692100000| Untracked 
| 260|0x0000000692200000, 0x0000000692200000, 0x0000000692300000|  0%| F|  |TAMS 0x0000000692200000, 0x0000000692200000| Untracked 
| 261|0x0000000692300000, 0x0000000692300000, 0x0000000692400000|  0%| F|  |TAMS 0x0000000692300000, 0x0000000692300000| Untracked 
| 262|0x0000000692400000, 0x0000000692400000, 0x0000000692500000|  0%| F|  |TAMS 0x0000000692400000, 0x0000000692400000| Untracked 
| 263|0x0000000692500000, 0x0000000692500000, 0x0000000692600000|  0%| F|  |TAMS 0x0000000692500000, 0x0000000692500000| Untracked 
| 264|0x0000000692600000, 0x0000000692600000, 0x0000000692700000|  0%| F|  |TAMS 0x0000000692600000, 0x0000000692600000| Untracked 
| 265|0x0000000692700000, 0x0000000692700000, 0x0000000692800000|  0%| F|  |TAMS 0x0000000692700000, 0x0000000692700000| Untracked 
| 266|0x0000000692800000, 0x0000000692800000, 0x0000000692900000|  0%| F|  |TAMS 0x0000000692800000, 0x0000000692800000| Untracked 
| 267|0x0000000692900000, 0x0000000692900000, 0x0000000692a00000|  0%| F|  |TAMS 0x0000000692900000, 0x0000000692900000| Untracked 
| 268|0x0000000692a00000, 0x0000000692a00000, 0x0000000692b00000|  0%| F|  |TAMS 0x0000000692a00000, 0x0000000692a00000| Untracked 
| 269|0x0000000692b00000, 0x0000000692b00000, 0x0000000692c00000|  0%| F|  |TAMS 0x0000000692b00000, 0x0000000692b00000| Untracked 
| 270|0x0000000692c00000, 0x0000000692c00000, 0x0000000692d00000|  0%| F|  |TAMS 0x0000000692c00000, 0x0000000692c00000| Untracked 
| 271|0x0000000692d00000, 0x0000000692d00000, 0x0000000692e00000|  0%| F|  |TAMS 0x0000000692d00000, 0x0000000692d00000| Untracked 
| 272|0x0000000692e00000, 0x0000000692e00000, 0x0000000692f00000|  0%| F|  |TAMS 0x0000000692e00000, 0x0000000692e00000| Untracked 
| 273|0x0000000692f00000, 0x0000000692f00000, 0x0000000693000000|  0%| F|  |TAMS 0x0000000692f00000, 0x0000000692f00000| Untracked 
| 274|0x0000000693000000, 0x0000000693000000, 0x0000000693100000|  0%| F|  |TAMS 0x0000000693000000, 0x0000000693000000| Untracked 
| 275|0x0000000693100000, 0x0000000693100000, 0x0000000693200000|  0%| F|  |TAMS 0x0000000693100000, 0x0000000693100000| Untracked 
| 276|0x0000000693200000, 0x0000000693200000, 0x0000000693300000|  0%| F|  |TAMS 0x0000000693200000, 0x0000000693200000| Untracked 
| 277|0x0000000693300000, 0x0000000693300000, 0x0000000693400000|  0%| F|  |TAMS 0x0000000693300000, 0x0000000693300000| Untracked 
| 278|0x0000000693400000, 0x0000000693400000, 0x0000000693500000|  0%| F|  |TAMS 0x0000000693400000, 0x0000000693400000| Untracked 
| 279|0x0000000693500000, 0x0000000693500000, 0x0000000693600000|  0%| F|  |TAMS 0x0000000693500000, 0x0000000693500000| Untracked 
| 280|0x0000000693600000, 0x0000000693600000, 0x0000000693700000|  0%| F|  |TAMS 0x0000000693600000, 0x0000000693600000| Untracked 
| 281|0x0000000693700000, 0x0000000693700000, 0x0000000693800000|  0%| F|  |TAMS 0x0000000693700000, 0x0000000693700000| Untracked 
| 282|0x0000000693800000, 0x0000000693800000, 0x0000000693900000|  0%| F|  |TAMS 0x0000000693800000, 0x0000000693800000| Untracked 
| 283|0x0000000693900000, 0x0000000693900000, 0x0000000693a00000|  0%| F|  |TAMS 0x0000000693900000, 0x0000000693900000| Untracked 
| 284|0x0000000693a00000, 0x0000000693a00000, 0x0000000693b00000|  0%| F|  |TAMS 0x0000000693a00000, 0x0000000693a00000| Untracked 
| 285|0x0000000693b00000, 0x0000000693b00000, 0x0000000693c00000|  0%| F|  |TAMS 0x0000000693b00000, 0x0000000693b00000| Untracked 
| 286|0x0000000693c00000, 0x0000000693c00000, 0x0000000693d00000|  0%| F|  |TAMS 0x0000000693c00000, 0x0000000693c00000| Untracked 
| 287|0x0000000693d00000, 0x0000000693d00000, 0x0000000693e00000|  0%| F|  |TAMS 0x0000000693d00000, 0x0000000693d00000| Untracked 
| 288|0x0000000693e00000, 0x0000000693e00000, 0x0000000693f00000|  0%| F|  |TAMS 0x0000000693e00000, 0x0000000693e00000| Untracked 
| 289|0x0000000693f00000, 0x0000000693f00000, 0x0000000694000000|  0%| F|  |TAMS 0x0000000693f00000, 0x0000000693f00000| Untracked 
| 290|0x0000000694000000, 0x0000000694000000, 0x0000000694100000|  0%| F|  |TAMS 0x0000000694000000, 0x0000000694000000| Untracked 
| 291|0x0000000694100000, 0x0000000694100000, 0x0000000694200000|  0%| F|  |TAMS 0x0000000694100000, 0x0000000694100000| Untracked 
| 292|0x0000000694200000, 0x0000000694200000, 0x0000000694300000|  0%| F|  |TAMS 0x0000000694200000, 0x0000000694200000| Untracked 
| 293|0x0000000694300000, 0x0000000694300000, 0x0000000694400000|  0%| F|  |TAMS 0x0000000694300000, 0x0000000694300000| Untracked 
| 294|0x0000000694400000, 0x0000000694400000, 0x0000000694500000|  0%| F|  |TAMS 0x0000000694400000, 0x0000000694400000| Untracked 
| 295|0x0000000694500000, 0x0000000694500000, 0x0000000694600000|  0%| F|  |TAMS 0x0000000694500000, 0x0000000694500000| Untracked 
| 296|0x0000000694600000, 0x0000000694600000, 0x0000000694700000|  0%| F|  |TAMS 0x0000000694600000, 0x0000000694600000| Untracked 
| 297|0x0000000694700000, 0x0000000694700000, 0x0000000694800000|  0%| F|  |TAMS 0x0000000694700000, 0x0000000694700000| Untracked 
| 298|0x0000000694800000, 0x0000000694800000, 0x0000000694900000|  0%| F|  |TAMS 0x0000000694800000, 0x0000000694800000| Untracked 
| 299|0x0000000694900000, 0x0000000694900000, 0x0000000694a00000|  0%| F|  |TAMS 0x0000000694900000, 0x0000000694900000| Untracked 
| 300|0x0000000694a00000, 0x0000000694a00000, 0x0000000694b00000|  0%| F|  |TAMS 0x0000000694a00000, 0x0000000694a00000| Untracked 
| 301|0x0000000694b00000, 0x0000000694b00000, 0x0000000694c00000|  0%| F|  |TAMS 0x0000000694b00000, 0x0000000694b00000| Untracked 
| 302|0x0000000694c00000, 0x0000000694c00000, 0x0000000694d00000|  0%| F|  |TAMS 0x0000000694c00000, 0x0000000694c00000| Untracked 
| 303|0x0000000694d00000, 0x0000000694d00000, 0x0000000694e00000|  0%| F|  |TAMS 0x0000000694d00000, 0x0000000694d00000| Untracked 
| 304|0x0000000694e00000, 0x0000000694e00000, 0x0000000694f00000|  0%| F|  |TAMS 0x0000000694e00000, 0x0000000694e00000| Untracked 
| 305|0x0000000694f00000, 0x0000000694f00000, 0x0000000695000000|  0%| F|  |TAMS 0x0000000694f00000, 0x0000000694f00000| Untracked 
| 306|0x0000000695000000, 0x0000000695000000, 0x0000000695100000|  0%| F|  |TAMS 0x0000000695000000, 0x0000000695000000| Untracked 
| 307|0x0000000695100000, 0x0000000695100000, 0x0000000695200000|  0%| F|  |TAMS 0x0000000695100000, 0x0000000695100000| Untracked 
| 308|0x0000000695200000, 0x0000000695200000, 0x0000000695300000|  0%| F|  |TAMS 0x0000000695200000, 0x0000000695200000| Untracked 
| 309|0x0000000695300000, 0x0000000695300000, 0x0000000695400000|  0%| F|  |TAMS 0x0000000695300000, 0x0000000695300000| Untracked 
| 310|0x0000000695400000, 0x0000000695400000, 0x0000000695500000|  0%| F|  |TAMS 0x0000000695400000, 0x0000000695400000| Untracked 
| 311|0x0000000695500000, 0x0000000695500000, 0x0000000695600000|  0%| F|  |TAMS 0x0000000695500000, 0x0000000695500000| Untracked 
| 312|0x0000000695600000, 0x0000000695600000, 0x0000000695700000|  0%| F|  |TAMS 0x0000000695600000, 0x0000000695600000| Untracked 
| 313|0x0000000695700000, 0x0000000695700000, 0x0000000695800000|  0%| F|  |TAMS 0x0000000695700000, 0x0000000695700000| Untracked 
| 314|0x0000000695800000, 0x0000000695800000, 0x0000000695900000|  0%| F|  |TAMS 0x0000000695800000, 0x0000000695800000| Untracked 
| 315|0x0000000695900000, 0x0000000695900000, 0x0000000695a00000|  0%| F|  |TAMS 0x0000000695900000, 0x0000000695900000| Untracked 
| 316|0x0000000695a00000, 0x0000000695a00000, 0x0000000695b00000|  0%| F|  |TAMS 0x0000000695a00000, 0x0000000695a00000| Untracked 
| 317|0x0000000695b00000, 0x0000000695b00000, 0x0000000695c00000|  0%| F|  |TAMS 0x0000000695b00000, 0x0000000695b00000| Untracked 
| 318|0x0000000695c00000, 0x0000000695c00000, 0x0000000695d00000|  0%| F|  |TAMS 0x0000000695c00000, 0x0000000695c00000| Untracked 
| 319|0x0000000695d00000, 0x0000000695d00000, 0x0000000695e00000|  0%| F|  |TAMS 0x0000000695d00000, 0x0000000695d00000| Untracked 
| 320|0x0000000695e00000, 0x0000000695e00000, 0x0000000695f00000|  0%| F|  |TAMS 0x0000000695e00000, 0x0000000695e00000| Untracked 
| 321|0x0000000695f00000, 0x0000000695f00000, 0x0000000696000000|  0%| F|  |TAMS 0x0000000695f00000, 0x0000000695f00000| Untracked 
| 322|0x0000000696000000, 0x0000000696000000, 0x0000000696100000|  0%| F|  |TAMS 0x0000000696000000, 0x0000000696000000| Untracked 
| 323|0x0000000696100000, 0x0000000696100000, 0x0000000696200000|  0%| F|  |TAMS 0x0000000696100000, 0x0000000696100000| Untracked 
| 324|0x0000000696200000, 0x0000000696200000, 0x0000000696300000|  0%| F|  |TAMS 0x0000000696200000, 0x0000000696200000| Untracked 
| 325|0x0000000696300000, 0x0000000696300000, 0x0000000696400000|  0%| F|  |TAMS 0x0000000696300000, 0x0000000696300000| Untracked 
| 326|0x0000000696400000, 0x0000000696400000, 0x0000000696500000|  0%| F|  |TAMS 0x0000000696400000, 0x0000000696400000| Untracked 
| 327|0x0000000696500000, 0x0000000696500000, 0x0000000696600000|  0%| F|  |TAMS 0x0000000696500000, 0x0000000696500000| Untracked 
| 328|0x0000000696600000, 0x0000000696600000, 0x0000000696700000|  0%| F|  |TAMS 0x0000000696600000, 0x0000000696600000| Untracked 
| 329|0x0000000696700000, 0x0000000696700000, 0x0000000696800000|  0%| F|  |TAMS 0x0000000696700000, 0x0000000696700000| Untracked 
| 330|0x0000000696800000, 0x0000000696800000, 0x0000000696900000|  0%| F|  |TAMS 0x0000000696800000, 0x0000000696800000| Untracked 
| 331|0x0000000696900000, 0x0000000696900000, 0x0000000696a00000|  0%| F|  |TAMS 0x0000000696900000, 0x0000000696900000| Untracked 
| 332|0x0000000696a00000, 0x0000000696a00000, 0x0000000696b00000|  0%| F|  |TAMS 0x0000000696a00000, 0x0000000696a00000| Untracked 
| 333|0x0000000696b00000, 0x0000000696b00000, 0x0000000696c00000|  0%| F|  |TAMS 0x0000000696b00000, 0x0000000696b00000| Untracked 
| 334|0x0000000696c00000, 0x0000000696c00000, 0x0000000696d00000|  0%| F|  |TAMS 0x0000000696c00000, 0x0000000696c00000| Untracked 
| 335|0x0000000696d00000, 0x0000000696d00000, 0x0000000696e00000|  0%| F|  |TAMS 0x0000000696d00000, 0x0000000696d00000| Untracked 
| 336|0x0000000696e00000, 0x0000000696e00000, 0x0000000696f00000|  0%| F|  |TAMS 0x0000000696e00000, 0x0000000696e00000| Untracked 
| 337|0x0000000696f00000, 0x0000000696f00000, 0x0000000697000000|  0%| F|  |TAMS 0x0000000696f00000, 0x0000000696f00000| Untracked 
| 338|0x0000000697000000, 0x0000000697000000, 0x0000000697100000|  0%| F|  |TAMS 0x0000000697000000, 0x0000000697000000| Untracked 
| 339|0x0000000697100000, 0x0000000697100000, 0x0000000697200000|  0%| F|  |TAMS 0x0000000697100000, 0x0000000697100000| Untracked 
| 340|0x0000000697200000, 0x0000000697200000, 0x0000000697300000|  0%| F|  |TAMS 0x0000000697200000, 0x0000000697200000| Untracked 
| 341|0x0000000697300000, 0x0000000697300000, 0x0000000697400000|  0%| F|  |TAMS 0x0000000697300000, 0x0000000697300000| Untracked 
| 342|0x0000000697400000, 0x0000000697400000, 0x0000000697500000|  0%| F|  |TAMS 0x0000000697400000, 0x0000000697400000| Untracked 
| 343|0x0000000697500000, 0x0000000697500000, 0x0000000697600000|  0%| F|  |TAMS 0x0000000697500000, 0x0000000697500000| Untracked 
| 344|0x0000000697600000, 0x0000000697600000, 0x0000000697700000|  0%| F|  |TAMS 0x0000000697600000, 0x0000000697600000| Untracked 
| 345|0x0000000697700000, 0x0000000697700000, 0x0000000697800000|  0%| F|  |TAMS 0x0000000697700000, 0x0000000697700000| Untracked 
| 346|0x0000000697800000, 0x0000000697800000, 0x0000000697900000|  0%| F|  |TAMS 0x0000000697800000, 0x0000000697800000| Untracked 
| 347|0x0000000697900000, 0x0000000697900000, 0x0000000697a00000|  0%| F|  |TAMS 0x0000000697900000, 0x0000000697900000| Untracked 
| 348|0x0000000697a00000, 0x0000000697a00000, 0x0000000697b00000|  0%| F|  |TAMS 0x0000000697a00000, 0x0000000697a00000| Untracked 
| 349|0x0000000697b00000, 0x0000000697b00000, 0x0000000697c00000|  0%| F|  |TAMS 0x0000000697b00000, 0x0000000697b00000| Untracked 
| 350|0x0000000697c00000, 0x0000000697c00000, 0x0000000697d00000|  0%| F|  |TAMS 0x0000000697c00000, 0x0000000697c00000| Untracked 
| 351|0x0000000697d00000, 0x0000000697d00000, 0x0000000697e00000|  0%| F|  |TAMS 0x0000000697d00000, 0x0000000697d00000| Untracked 
| 352|0x0000000697e00000, 0x0000000697e00000, 0x0000000697f00000|  0%| F|  |TAMS 0x0000000697e00000, 0x0000000697e00000| Untracked 
| 353|0x0000000697f00000, 0x0000000697f00000, 0x0000000698000000|  0%| F|  |TAMS 0x0000000697f00000, 0x0000000697f00000| Untracked 
| 354|0x0000000698000000, 0x0000000698000000, 0x0000000698100000|  0%| F|  |TAMS 0x0000000698000000, 0x0000000698000000| Untracked 
| 355|0x0000000698100000, 0x0000000698100000, 0x0000000698200000|  0%| F|  |TAMS 0x0000000698100000, 0x0000000698100000| Untracked 
| 356|0x0000000698200000, 0x0000000698200000, 0x0000000698300000|  0%| F|  |TAMS 0x0000000698200000, 0x0000000698200000| Untracked 
| 357|0x0000000698300000, 0x0000000698300000, 0x0000000698400000|  0%| F|  |TAMS 0x0000000698300000, 0x0000000698300000| Untracked 
| 358|0x0000000698400000, 0x0000000698400000, 0x0000000698500000|  0%| F|  |TAMS 0x0000000698400000, 0x0000000698400000| Untracked 
| 359|0x0000000698500000, 0x0000000698500000, 0x0000000698600000|  0%| F|  |TAMS 0x0000000698500000, 0x0000000698500000| Untracked 
| 360|0x0000000698600000, 0x0000000698600000, 0x0000000698700000|  0%| F|  |TAMS 0x0000000698600000, 0x0000000698600000| Untracked 
| 361|0x0000000698700000, 0x0000000698700000, 0x0000000698800000|  0%| F|  |TAMS 0x0000000698700000, 0x0000000698700000| Untracked 
| 362|0x0000000698800000, 0x0000000698800000, 0x0000000698900000|  0%| F|  |TAMS 0x0000000698800000, 0x0000000698800000| Untracked 
| 363|0x0000000698900000, 0x0000000698900000, 0x0000000698a00000|  0%| F|  |TAMS 0x0000000698900000, 0x0000000698900000| Untracked 
| 364|0x0000000698a00000, 0x0000000698a00000, 0x0000000698b00000|  0%| F|  |TAMS 0x0000000698a00000, 0x0000000698a00000| Untracked 
| 365|0x0000000698b00000, 0x0000000698b00000, 0x0000000698c00000|  0%| F|  |TAMS 0x0000000698b00000, 0x0000000698b00000| Untracked 
| 366|0x0000000698c00000, 0x0000000698c00000, 0x0000000698d00000|  0%| F|  |TAMS 0x0000000698c00000, 0x0000000698c00000| Untracked 
| 367|0x0000000698d00000, 0x0000000698d00000, 0x0000000698e00000|  0%| F|  |TAMS 0x0000000698d00000, 0x0000000698d00000| Untracked 
| 368|0x0000000698e00000, 0x0000000698e00000, 0x0000000698f00000|  0%| F|  |TAMS 0x0000000698e00000, 0x0000000698e00000| Untracked 
| 369|0x0000000698f00000, 0x0000000698f00000, 0x0000000699000000|  0%| F|  |TAMS 0x0000000698f00000, 0x0000000698f00000| Untracked 
| 370|0x0000000699000000, 0x0000000699000000, 0x0000000699100000|  0%| F|  |TAMS 0x0000000699000000, 0x0000000699000000| Untracked 
| 371|0x0000000699100000, 0x0000000699100000, 0x0000000699200000|  0%| F|  |TAMS 0x0000000699100000, 0x0000000699100000| Untracked 
| 372|0x0000000699200000, 0x0000000699200000, 0x0000000699300000|  0%| F|  |TAMS 0x0000000699200000, 0x0000000699200000| Untracked 
| 373|0x0000000699300000, 0x0000000699300000, 0x0000000699400000|  0%| F|  |TAMS 0x0000000699300000, 0x0000000699300000| Untracked 
| 374|0x0000000699400000, 0x0000000699400000, 0x0000000699500000|  0%| F|  |TAMS 0x0000000699400000, 0x0000000699400000| Untracked 
| 375|0x0000000699500000, 0x0000000699500000, 0x0000000699600000|  0%| F|  |TAMS 0x0000000699500000, 0x0000000699500000| Untracked 
| 376|0x0000000699600000, 0x0000000699600000, 0x0000000699700000|  0%| F|  |TAMS 0x0000000699600000, 0x0000000699600000| Untracked 
| 377|0x0000000699700000, 0x0000000699700000, 0x0000000699800000|  0%| F|  |TAMS 0x0000000699700000, 0x0000000699700000| Untracked 
| 378|0x0000000699800000, 0x0000000699800000, 0x0000000699900000|  0%| F|  |TAMS 0x0000000699800000, 0x0000000699800000| Untracked 
| 379|0x0000000699900000, 0x0000000699900000, 0x0000000699a00000|  0%| F|  |TAMS 0x0000000699900000, 0x0000000699900000| Untracked 
| 380|0x0000000699a00000, 0x0000000699a00000, 0x0000000699b00000|  0%| F|  |TAMS 0x0000000699a00000, 0x0000000699a00000| Untracked 
| 381|0x0000000699b00000, 0x0000000699b00000, 0x0000000699c00000|  0%| F|  |TAMS 0x0000000699b00000, 0x0000000699b00000| Untracked 
| 382|0x0000000699c00000, 0x0000000699c00000, 0x0000000699d00000|  0%| F|  |TAMS 0x0000000699c00000, 0x0000000699c00000| Untracked 
| 383|0x0000000699d00000, 0x0000000699d00000, 0x0000000699e00000|  0%| F|  |TAMS 0x0000000699d00000, 0x0000000699d00000| Untracked 
| 384|0x0000000699e00000, 0x0000000699e00000, 0x0000000699f00000|  0%| F|  |TAMS 0x0000000699e00000, 0x0000000699e00000| Untracked 
| 385|0x0000000699f00000, 0x0000000699f00000, 0x000000069a000000|  0%| F|  |TAMS 0x0000000699f00000, 0x0000000699f00000| Untracked 
| 386|0x000000069a000000, 0x000000069a000000, 0x000000069a100000|  0%| F|  |TAMS 0x000000069a000000, 0x000000069a000000| Untracked 
| 387|0x000000069a100000, 0x000000069a100000, 0x000000069a200000|  0%| F|  |TAMS 0x000000069a100000, 0x000000069a100000| Untracked 
| 388|0x000000069a200000, 0x000000069a200000, 0x000000069a300000|  0%| F|  |TAMS 0x000000069a200000, 0x000000069a200000| Untracked 
| 389|0x000000069a300000, 0x000000069a300000, 0x000000069a400000|  0%| F|  |TAMS 0x000000069a300000, 0x000000069a300000| Untracked 
| 390|0x000000069a400000, 0x000000069a400000, 0x000000069a500000|  0%| F|  |TAMS 0x000000069a400000, 0x000000069a400000| Untracked 
| 391|0x000000069a500000, 0x000000069a500000, 0x000000069a600000|  0%| F|  |TAMS 0x000000069a500000, 0x000000069a500000| Untracked 
| 392|0x000000069a600000, 0x000000069a600000, 0x000000069a700000|  0%| F|  |TAMS 0x000000069a600000, 0x000000069a600000| Untracked 
| 393|0x000000069a700000, 0x000000069a700000, 0x000000069a800000|  0%| F|  |TAMS 0x000000069a700000, 0x000000069a700000| Untracked 
| 394|0x000000069a800000, 0x000000069a800000, 0x000000069a900000|  0%| F|  |TAMS 0x000000069a800000, 0x000000069a800000| Untracked 
| 395|0x000000069a900000, 0x000000069a900000, 0x000000069aa00000|  0%| F|  |TAMS 0x000000069a900000, 0x000000069a900000| Untracked 
| 396|0x000000069aa00000, 0x000000069aa00000, 0x000000069ab00000|  0%| F|  |TAMS 0x000000069aa00000, 0x000000069aa00000| Untracked 
| 397|0x000000069ab00000, 0x000000069ab00000, 0x000000069ac00000|  0%| F|  |TAMS 0x000000069ab00000, 0x000000069ab00000| Untracked 
| 398|0x000000069ac00000, 0x000000069ac00000, 0x000000069ad00000|  0%| F|  |TAMS 0x000000069ac00000, 0x000000069ac00000| Untracked 
| 399|0x000000069ad00000, 0x000000069ad00000, 0x000000069ae00000|  0%| F|  |TAMS 0x000000069ad00000, 0x000000069ad00000| Untracked 
| 400|0x000000069ae00000, 0x000000069ae00000, 0x000000069af00000|  0%| F|  |TAMS 0x000000069ae00000, 0x000000069ae00000| Untracked 
| 401|0x000000069af00000, 0x000000069af00000, 0x000000069b000000|  0%| F|  |TAMS 0x000000069af00000, 0x000000069af00000| Untracked 
| 402|0x000000069b000000, 0x000000069b000000, 0x000000069b100000|  0%| F|  |TAMS 0x000000069b000000, 0x000000069b000000| Untracked 
| 403|0x000000069b100000, 0x000000069b100000, 0x000000069b200000|  0%| F|  |TAMS 0x000000069b100000, 0x000000069b100000| Untracked 
| 404|0x000000069b200000, 0x000000069b200000, 0x000000069b300000|  0%| F|  |TAMS 0x000000069b200000, 0x000000069b200000| Untracked 
| 405|0x000000069b300000, 0x000000069b300000, 0x000000069b400000|  0%| F|  |TAMS 0x000000069b300000, 0x000000069b300000| Untracked 
| 406|0x000000069b400000, 0x000000069b400000, 0x000000069b500000|  0%| F|  |TAMS 0x000000069b400000, 0x000000069b400000| Untracked 
| 407|0x000000069b500000, 0x000000069b500000, 0x000000069b600000|  0%| F|  |TAMS 0x000000069b500000, 0x000000069b500000| Untracked 
| 408|0x000000069b600000, 0x000000069b600000, 0x000000069b700000|  0%| F|  |TAMS 0x000000069b600000, 0x000000069b600000| Untracked 
| 409|0x000000069b700000, 0x000000069b700000, 0x000000069b800000|  0%| F|  |TAMS 0x000000069b700000, 0x000000069b700000| Untracked 
| 410|0x000000069b800000, 0x000000069b800000, 0x000000069b900000|  0%| F|  |TAMS 0x000000069b800000, 0x000000069b800000| Untracked 
| 411|0x000000069b900000, 0x000000069b900000, 0x000000069ba00000|  0%| F|  |TAMS 0x000000069b900000, 0x000000069b900000| Untracked 
| 412|0x000000069ba00000, 0x000000069ba00000, 0x000000069bb00000|  0%| F|  |TAMS 0x000000069ba00000, 0x000000069ba00000| Untracked 
| 413|0x000000069bb00000, 0x000000069bb00000, 0x000000069bc00000|  0%| F|  |TAMS 0x000000069bb00000, 0x000000069bb00000| Untracked 
| 414|0x000000069bc00000, 0x000000069bc00000, 0x000000069bd00000|  0%| F|  |TAMS 0x000000069bc00000, 0x000000069bc00000| Untracked 
| 415|0x000000069bd00000, 0x000000069bd00000, 0x000000069be00000|  0%| F|  |TAMS 0x000000069bd00000, 0x000000069bd00000| Untracked 
| 416|0x000000069be00000, 0x000000069be00000, 0x000000069bf00000|  0%| F|  |TAMS 0x000000069be00000, 0x000000069be00000| Untracked 
| 417|0x000000069bf00000, 0x000000069bf00000, 0x000000069c000000|  0%| F|  |TAMS 0x000000069bf00000, 0x000000069bf00000| Untracked 
| 418|0x000000069c000000, 0x000000069c000000, 0x000000069c100000|  0%| F|  |TAMS 0x000000069c000000, 0x000000069c000000| Untracked 
| 419|0x000000069c100000, 0x000000069c100000, 0x000000069c200000|  0%| F|  |TAMS 0x000000069c100000, 0x000000069c100000| Untracked 
| 420|0x000000069c200000, 0x000000069c200000, 0x000000069c300000|  0%| F|  |TAMS 0x000000069c200000, 0x000000069c200000| Untracked 
| 421|0x000000069c300000, 0x000000069c300000, 0x000000069c400000|  0%| F|  |TAMS 0x000000069c300000, 0x000000069c300000| Untracked 
| 422|0x000000069c400000, 0x000000069c400000, 0x000000069c500000|  0%| F|  |TAMS 0x000000069c400000, 0x000000069c400000| Untracked 
| 423|0x000000069c500000, 0x000000069c500000, 0x000000069c600000|  0%| F|  |TAMS 0x000000069c500000, 0x000000069c500000| Untracked 
| 424|0x000000069c600000, 0x000000069c600000, 0x000000069c700000|  0%| F|  |TAMS 0x000000069c600000, 0x000000069c600000| Untracked 
| 425|0x000000069c700000, 0x000000069c700000, 0x000000069c800000|  0%| F|  |TAMS 0x000000069c700000, 0x000000069c700000| Untracked 
| 426|0x000000069c800000, 0x000000069c800000, 0x000000069c900000|  0%| F|  |TAMS 0x000000069c800000, 0x000000069c800000| Untracked 
| 427|0x000000069c900000, 0x000000069c900000, 0x000000069ca00000|  0%| F|  |TAMS 0x000000069c900000, 0x000000069c900000| Untracked 
| 428|0x000000069ca00000, 0x000000069ca00000, 0x000000069cb00000|  0%| F|  |TAMS 0x000000069ca00000, 0x000000069ca00000| Untracked 
| 429|0x000000069cb00000, 0x000000069cb00000, 0x000000069cc00000|  0%| F|  |TAMS 0x000000069cb00000, 0x000000069cb00000| Untracked 
| 430|0x000000069cc00000, 0x000000069cc00000, 0x000000069cd00000|  0%| F|  |TAMS 0x000000069cc00000, 0x000000069cc00000| Untracked 
| 431|0x000000069cd00000, 0x000000069cd00000, 0x000000069ce00000|  0%| F|  |TAMS 0x000000069cd00000, 0x000000069cd00000| Untracked 
| 432|0x000000069ce00000, 0x000000069ce00000, 0x000000069cf00000|  0%| F|  |TAMS 0x000000069ce00000, 0x000000069ce00000| Untracked 
| 433|0x000000069cf00000, 0x000000069cf00000, 0x000000069d000000|  0%| F|  |TAMS 0x000000069cf00000, 0x000000069cf00000| Untracked 
| 434|0x000000069d000000, 0x000000069d000000, 0x000000069d100000|  0%| F|  |TAMS 0x000000069d000000, 0x000000069d000000| Untracked 
| 435|0x000000069d100000, 0x000000069d100000, 0x000000069d200000|  0%| F|  |TAMS 0x000000069d100000, 0x000000069d100000| Untracked 
| 436|0x000000069d200000, 0x000000069d200000, 0x000000069d300000|  0%| F|  |TAMS 0x000000069d200000, 0x000000069d200000| Untracked 
| 437|0x000000069d300000, 0x000000069d300000, 0x000000069d400000|  0%| F|  |TAMS 0x000000069d300000, 0x000000069d300000| Untracked 
| 438|0x000000069d400000, 0x000000069d400000, 0x000000069d500000|  0%| F|  |TAMS 0x000000069d400000, 0x000000069d400000| Untracked 
| 439|0x000000069d500000, 0x000000069d5e9440, 0x000000069d600000| 91%| E|  |TAMS 0x000000069d500000, 0x000000069d500000| Complete 
| 440|0x000000069d600000, 0x000000069d700000, 0x000000069d700000|100%| E|CS|TAMS 0x000000069d600000, 0x000000069d600000| Complete 
| 441|0x000000069d700000, 0x000000069d800000, 0x000000069d800000|100%| E|CS|TAMS 0x000000069d700000, 0x000000069d700000| Complete 
| 442|0x000000069d800000, 0x000000069d900000, 0x000000069d900000|100%| E|CS|TAMS 0x000000069d800000, 0x000000069d800000| Complete 
| 443|0x000000069d900000, 0x000000069da00000, 0x000000069da00000|100%| E|CS|TAMS 0x000000069d900000, 0x000000069d900000| Complete 
| 444|0x000000069da00000, 0x000000069db00000, 0x000000069db00000|100%| E|CS|TAMS 0x000000069da00000, 0x000000069da00000| Complete 
| 445|0x000000069db00000, 0x000000069dc00000, 0x000000069dc00000|100%| E|CS|TAMS 0x000000069db00000, 0x000000069db00000| Complete 
| 446|0x000000069dc00000, 0x000000069dd00000, 0x000000069dd00000|100%| E|CS|TAMS 0x000000069dc00000, 0x000000069dc00000| Complete 
| 447|0x000000069dd00000, 0x000000069de00000, 0x000000069de00000|100%| E|CS|TAMS 0x000000069dd00000, 0x000000069dd00000| Complete 
| 448|0x000000069de00000, 0x000000069df00000, 0x000000069df00000|100%| E|CS|TAMS 0x000000069de00000, 0x000000069de00000| Complete 
| 449|0x000000069df00000, 0x000000069e000000, 0x000000069e000000|100%| E|CS|TAMS 0x000000069df00000, 0x000000069df00000| Complete 
| 450|0x000000069e000000, 0x000000069e100000, 0x000000069e100000|100%| E|CS|TAMS 0x000000069e000000, 0x000000069e000000| Complete 
| 451|0x000000069e100000, 0x000000069e200000, 0x000000069e200000|100%| E|CS|TAMS 0x000000069e100000, 0x000000069e100000| Complete 
| 452|0x000000069e200000, 0x000000069e300000, 0x000000069e300000|100%| E|CS|TAMS 0x000000069e200000, 0x000000069e200000| Complete 
| 453|0x000000069e300000, 0x000000069e400000, 0x000000069e400000|100%| E|CS|TAMS 0x000000069e300000, 0x000000069e300000| Complete 
| 454|0x000000069e400000, 0x000000069e500000, 0x000000069e500000|100%| E|CS|TAMS 0x000000069e400000, 0x000000069e400000| Complete 
| 455|0x000000069e500000, 0x000000069e600000, 0x000000069e600000|100%| E|CS|TAMS 0x000000069e500000, 0x000000069e500000| Complete 
| 456|0x000000069e600000, 0x000000069e700000, 0x000000069e700000|100%| E|CS|TAMS 0x000000069e600000, 0x000000069e600000| Complete 
| 457|0x000000069e700000, 0x000000069e800000, 0x000000069e800000|100%| E|CS|TAMS 0x000000069e700000, 0x000000069e700000| Complete 
| 458|0x000000069e800000, 0x000000069e900000, 0x000000069e900000|100%| E|CS|TAMS 0x000000069e800000, 0x000000069e800000| Complete 
| 459|0x000000069e900000, 0x000000069ea00000, 0x000000069ea00000|100%| E|CS|TAMS 0x000000069e900000, 0x000000069e900000| Complete 
| 460|0x000000069ea00000, 0x000000069eb00000, 0x000000069eb00000|100%| E|CS|TAMS 0x000000069ea00000, 0x000000069ea00000| Complete 

Card table byte_map: [0x000002a3b9560000,0x000002a3ba160000] _byte_map_base: 0x000002a3b6151000

Marking Bits (Prev, Next): (CMBitMap*) 0x000002a3a12c9040, (CMBitMap*) 0x000002a3a12c9008
 Prev Bits: [0x000002a3c0cf0000, 0x000002a3c6c78000)
 Next Bits: [0x000002a3bad60000, 0x000002a3c0ce8000)

Polling page: 0x000002a39efc0000

Metaspace:

Usage:
  Non-class:     67.99 MB capacity,    66.75 MB ( 98%) used,  1022.56 KB (  1%) free+waste,   243.00 KB ( <1%) overhead. 
      Class:     10.73 MB capacity,    10.00 MB ( 93%) used,   641.31 KB (  6%) free+waste,   115.56 KB (  1%) overhead. 
       Both:     78.72 MB capacity,    76.75 MB ( 97%) used,     1.62 MB (  2%) free+waste,   358.56 KB ( <1%) overhead. 

Virtual space:
  Non-class space:       70.00 MB reserved,      68.08 MB ( 97%) committed 
      Class space:        1.00 GB reserved,      10.75 MB (  1%) committed 
             Both:        1.07 GB reserved,      78.83 MB (  7%) committed 

Chunk freelists:
   Non-Class:  3.75 KB
       Class:  2.00 KB
        Both:  5.75 KB

CodeHeap 'non-profiled nmethods': size=238336Kb used=11866Kb max_used=11866Kb free=226470Kb
 bounds [0x000002a3a9d70000, 0x000002a3aa910000, 0x000002a3b8630000]
CodeHeap 'non-nmethods': size=7424Kb used=1313Kb max_used=1313Kb free=6110Kb
 bounds [0x000002a3a9630000, 0x000002a3a98a0000, 0x000002a3a9d70000]
 total_blobs=7929 nmethods=7169 adapters=627
 compilation: enabled
              stopped_count=0, restarted_count=0
 full_count=0

Compilation events (10 events):
Event: 133.328 Thread 0x000002a3ca254800 nmethod 7206 0x000002a3aa903310 code [0x000002a3aa9034c0, 0x000002a3aa9035f0]
Event: 133.329 Thread 0x000002a3ca254800 7207       1       org.hibernate.service.spi.ServiceBinding::getLifecycleOwner (5 bytes)
Event: 133.329 Thread 0x000002a3ca254800 nmethod 7207 0x000002a3aa903690 code [0x000002a3aa903820, 0x000002a3aa903938]
Event: 133.330 Thread 0x000002a3ca254800 7208       1       ch.qos.logback.classic.Logger::appendLoopOnAppenders (18 bytes)
Event: 133.330 Thread 0x000002a3ca254800 nmethod 7208 0x000002a3aa903990 code [0x000002a3aa903b40, 0x000002a3aa903cb0]
Event: 133.333 Thread 0x000002a3ca254800 7209       1       java.lang.Thread::<init> (12 bytes)
Event: 133.333 Thread 0x000002a3ca254800 nmethod 7209 0x000002a3aa903d90 code [0x000002a3aa903f40, 0x000002a3aa904090]
Event: 133.338 Thread 0x000002a3ca254800 7210   !   1       java.net.AbstractPlainSocketImpl::isClosedOrPending (34 bytes)
Event: 133.338 Thread 0x000002a3ca254800 nmethod 7210 0x000002a3aa904110 code [0x000002a3aa9042c0, 0x000002a3aa904618]
Event: 133.339 Thread 0x000002a3ca254800 7211   !   1       org.springframework.beans.factory.support.DefaultSingletonBeanRegistry::destroyBean (385 bytes)

GC Heap History (10 events):
Event: 1.737 GC heap before
{Heap before GC invocations=6 (full 0):
 garbage-first heap   total 393216K, used 255241K [0x0000000681e00000, 0x0000000800000000)
  region size 1024K, 230 young (235520K), 4 survivors (4096K)
 Metaspace       used 27952K, capacity 28842K, committed 29104K, reserved 1075200K
  class space    used 3431K, capacity 3778K, committed 3840K, reserved 1048576K
}
Event: 1.741 GC heap after
{Heap after GC invocations=7 (full 0):
 garbage-first heap   total 393216K, used 28042K [0x0000000681e00000, 0x0000000800000000)
  region size 1024K, 7 young (7168K), 7 survivors (7168K)
 Metaspace       used 27952K, capacity 28842K, committed 29104K, reserved 1075200K
  class space    used 3431K, capacity 3778K, committed 3840K, reserved 1048576K
}
Event: 2.483 GC heap before
{Heap before GC invocations=7 (full 0):
 garbage-first heap   total 393216K, used 189834K [0x0000000681e00000, 0x0000000800000000)
  region size 1024K, 166 young (169984K), 7 survivors (7168K)
 Metaspace       used 34718K, capacity 35843K, committed 35920K, reserved 1081344K
  class space    used 4408K, capacity 4845K, committed 4864K, reserved 1048576K
}
Event: 2.491 GC heap after
{Heap after GC invocations=8 (full 0):
 garbage-first heap   total 472064K, used 31551K [0x0000000681e00000, 0x0000000800000000)
  region size 1024K, 11 young (11264K), 11 survivors (11264K)
 Metaspace       used 34718K, capacity 35843K, committed 35920K, reserved 1081344K
  class space    used 4408K, capacity 4845K, committed 4864K, reserved 1048576K
}
Event: 2.871 GC heap before
{Heap before GC invocations=9 (full 0):
 garbage-first heap   total 472064K, used 294719K [0x0000000681e00000, 0x0000000800000000)
  region size 1024K, 269 young (275456K), 11 survivors (11264K)
 Metaspace       used 37616K, capacity 38767K, committed 38864K, reserved 1083392K
  class space    used 4708K, capacity 5180K, committed 5248K, reserved 1048576K
}
Event: 2.877 GC heap after
{Heap after GC invocations=10 (full 0):
 garbage-first heap   total 472064K, used 33983K [0x0000000681e00000, 0x0000000800000000)
  region size 1024K, 13 young (13312K), 13 survivors (13312K)
 Metaspace       used 37616K, capacity 38767K, committed 38864K, reserved 1083392K
  class space    used 4708K, capacity 5180K, committed 5248K, reserved 1048576K
}
Event: 3.844 GC heap before
{Heap before GC invocations=10 (full 0):
 garbage-first heap   total 472064K, used 282815K [0x0000000681e00000, 0x0000000800000000)
  region size 1024K, 257 young (263168K), 13 survivors (13312K)
 Metaspace       used 58594K, capacity 60073K, committed 60240K, reserved 1101824K
  class space    used 7619K, capacity 8168K, committed 8192K, reserved 1048576K
}
Event: 3.856 GC heap after
{Heap after GC invocations=11 (full 0):
 garbage-first heap   total 472064K, used 43555K [0x0000000681e00000, 0x0000000800000000)
  region size 1024K, 22 young (22528K), 22 survivors (22528K)
 Metaspace       used 58594K, capacity 60073K, committed 60240K, reserved 1101824K
  class space    used 7619K, capacity 8168K, committed 8192K, reserved 1048576K
}
Event: 120.830 GC heap before
{Heap before GC invocations=12 (full 0):
 garbage-first heap   total 472064K, used 303651K [0x0000000681e00000, 0x0000000800000000)
  region size 1024K, 276 young (282624K), 22 survivors (22528K)
 Metaspace       used 74394K, capacity 76355K, committed 76624K, reserved 1116160K
  class space    used 9706K, capacity 10452K, committed 10496K, reserved 1048576K
}
Event: 120.853 GC heap after
{Heap after GC invocations=13 (full 0):
 garbage-first heap   total 472064K, used 51016K [0x0000000681e00000, 0x0000000800000000)
  region size 1024K, 26 young (26624K), 26 survivors (26624K)
 Metaspace       used 74394K, capacity 76355K, committed 76624K, reserved 1116160K
  class space    used 9706K, capacity 10452K, committed 10496K, reserved 1048576K
}

Deoptimization events (0 events):
No events

Classes redefined (0 events):
No events

Internal exceptions (10 events):
Event: 6.506 Thread 0x000002a3cb9fd000 Exception <a 'java/lang/NoSuchMethodError'{0x0000000695c7ad58}: java.lang.invoke.DirectMethodHandle$Holder.invokeInterface(Ljava/lang/Object;Ljava/lang/Object;Ljava/lang/Object;Ljava/lang/Object;)Ljava/lang/Object;> (0x0000000695c7ad58) thrown at [./open/
Event: 6.691 Thread 0x000002a3cb9fd000 Exception <a 'java/lang/IncompatibleClassChangeError'{0x0000000693854920}: Found class java.lang.Object, but interface was expected> (0x0000000693854920) thrown at [./open/src/hotspot/share/interpreter/linkResolver.cpp, line 838]
Event: 120.559 Thread 0x000002a3cfa1b000 Exception <a 'java/lang/NoSuchMethodError'{0x00000006904822c0}: java.lang.invoke.DirectMethodHandle$Holder.invokeStaticInit(Ljava/lang/Object;Ljava/lang/Object;Ljava/lang/Object;)V> (0x00000006904822c0) thrown at [./open/src/hotspot/share/interpreter/link
Event: 121.063 Thread 0x000002a3cfa1b000 Exception <a 'java/lang/reflect/InvocationTargetException'{0x000000069e397c20}> (0x000000069e397c20) thrown at [./open/src/hotspot/share/runtime/reflection.cpp, line 1242]
Event: 133.176 Thread 0x000002a3cfa21800 Exception <a 'java/lang/NoSuchMethodError'{0x000000069da237f8}: static [B.<clinit>()V> (0x000000069da237f8) thrown at [./open/src/hotspot/share/prims/jni.cpp, line 1362]
Event: 133.182 Thread 0x000002a3cfa21800 Exception <a 'java/lang/ClassNotFoundException'{0x000000069da663a0}: javax/management/remote/rmi/RMIConnectionImpl_Skel> (0x000000069da663a0) thrown at [./open/src/hotspot/share/classfile/systemDictionary.cpp, line 228]
Event: 133.183 Thread 0x000002a3cd49d800 Exception <a 'java/lang/NoSuchMethodError'{0x000000069dab8a98}: java.lang.invoke.Invokers$Holder.linkToTargetMethod(Ljava/lang/Object;JLjava/lang/Object;)Ljava/lang/Object;> (0x000000069dab8a98) thrown at [./open/src/hotspot/share/interpreter/linkResolver
Event: 133.325 Thread 0x000002a3cd49b800 Exception <a 'java/lang/InterruptedException'{0x000000069d7bd840}: sleep interrupted> (0x000000069d7bd840) thrown at [./open/src/hotspot/share/prims/jvm.cpp, line 3106]
Event: 133.326 Thread 0x000002a3cfa19800 Exception <a 'java/lang/InterruptedException'{0x000000069dc95c50}: sleep interrupted> (0x000000069dc95c50) thrown at [./open/src/hotspot/share/prims/jvm.cpp, line 3106]
Event: 133.328 Thread 0x000002a3cd49c800 Exception <a 'java/lang/InterruptedException'{0x000000069dd8f708}: sleep interrupted> (0x000000069dd8f708) thrown at [./open/src/hotspot/share/prims/jvm.cpp, line 3106]

Events (10 events):
Event: 133.338 Executing VM operation: RevokeBias done
Event: 133.338 Executing VM operation: RevokeBias
Event: 133.338 Executing VM operation: RevokeBias done
Event: 133.338 Executing VM operation: RevokeBias
Event: 133.338 Executing VM operation: RevokeBias done
Event: 133.338 Executing VM operation: RevokeBias
Event: 133.338 Executing VM operation: RevokeBias done
Event: 133.339 Thread 0x000002a3cd49e000 Thread exited: 0x000002a3cd49e000
Event: 133.339 Thread 0x000002a3cd49b800 Thread exited: 0x000002a3cd49b800
Event: 133.340 Thread 0x000002a3cfa20800 Thread exited: 0x000002a3cfa20800


Dynamic libraries:
0x00007ff626d80000 - 0x00007ff626dc7000 	C:\Java\jdk-11.0.7\bin\javaw.exe
0x00007ff922840000 - 0x00007ff922a30000 	C:\WINDOWS\SYSTEM32\ntdll.dll
0x00007ff9208f0000 - 0x00007ff9209a2000 	C:\WINDOWS\System32\KERNEL32.DLL
0x00007ff91fbf0000 - 0x00007ff91fe94000 	C:\WINDOWS\System32\KERNELBASE.dll
0x00007ff922110000 - 0x00007ff9221b3000 	C:\WINDOWS\System32\ADVAPI32.dll
0x00007ff921d70000 - 0x00007ff921e0e000 	C:\WINDOWS\System32\msvcrt.dll
0x00007ff9221c0000 - 0x00007ff922257000 	C:\WINDOWS\System32\sechost.dll
0x00007ff9225a0000 - 0x00007ff9226c0000 	C:\WINDOWS\System32\RPCRT4.dll
0x00007ff921e10000 - 0x00007ff921fa4000 	C:\WINDOWS\System32\USER32.dll
0x00007ff91f8d0000 - 0x00007ff91f8f1000 	C:\WINDOWS\System32\win32u.dll
0x00007ff921c90000 - 0x00007ff921cb6000 	C:\WINDOWS\System32\GDI32.dll
0x00007ff91f900000 - 0x00007ff91fa95000 	C:\WINDOWS\System32\gdi32full.dll
0x00007ff91fea0000 - 0x00007ff91ff3e000 	C:\WINDOWS\System32\msvcp_win.dll
0x00007ff91f7d0000 - 0x00007ff91f8ca000 	C:\WINDOWS\System32\ucrtbase.dll
0x00007ff90c2f0000 - 0x00007ff90c574000 	C:\WINDOWS\WinSxS\amd64_microsoft.windows.common-controls_6595b64144ccf1df_6.0.18362.900_none_e6beb9d913147d17\COMCTL32.dll
0x00007ff911c00000 - 0x00007ff911c0a000 	C:\WINDOWS\SYSTEM32\VERSION.dll
0x00007ff922260000 - 0x00007ff922595000 	C:\WINDOWS\System32\combase.dll
0x00007ff920740000 - 0x00007ff9207c0000 	C:\WINDOWS\System32\bcryptPrimitives.dll
0x00007ff921d40000 - 0x00007ff921d6e000 	C:\WINDOWS\System32\IMM32.DLL
0x00007ff918b40000 - 0x00007ff918b56000 	C:\Java\jdk-11.0.7\bin\vcruntime140.dll
0x00007ff8f47f0000 - 0x00007ff8f489a000 	C:\Java\jdk-11.0.7\bin\msvcp140.dll
0x00007ff8bee60000 - 0x00007ff8bf9c1000 	C:\Java\jdk-11.0.7\bin\server\jvm.dll
0x00007ff922030000 - 0x00007ff922038000 	C:\WINDOWS\System32\PSAPI.DLL
0x00007ff9069f0000 - 0x00007ff9069f9000 	C:\WINDOWS\SYSTEM32\WSOCK32.dll
0x00007ff91c820000 - 0x00007ff91c844000 	C:\WINDOWS\SYSTEM32\WINMM.dll
0x00007ff921cd0000 - 0x00007ff921d3f000 	C:\WINDOWS\System32\WS2_32.dll
0x00007ff91c850000 - 0x00007ff91c87d000 	C:\WINDOWS\SYSTEM32\winmmbase.dll
0x00007ff91ff40000 - 0x00007ff91ff8a000 	C:\WINDOWS\System32\cfgmgr32.dll
0x00007ff91f710000 - 0x00007ff91f721000 	C:\WINDOWS\System32\kernel.appcore.dll
0x00007ff918e20000 - 0x00007ff918e31000 	C:\Java\jdk-11.0.7\bin\verify.dll
0x00007ff91d800000 - 0x00007ff91d9f4000 	C:\WINDOWS\SYSTEM32\DBGHELP.DLL
0x00007ff904450000 - 0x00007ff90447a000 	C:\WINDOWS\SYSTEM32\dbgcore.DLL
0x00007ff918ab0000 - 0x00007ff918ad9000 	C:\Java\jdk-11.0.7\bin\java.dll
0x00007ff91c210000 - 0x00007ff91c21a000 	C:\Java\jdk-11.0.7\bin\jimage.dll
0x00007ff912d60000 - 0x00007ff912d76000 	C:\Java\jdk-11.0.7\bin\zip.dll
0x00007ff921530000 - 0x00007ff921c16000 	C:\WINDOWS\System32\SHELL32.dll
0x00007ff920b70000 - 0x00007ff920c19000 	C:\WINDOWS\System32\shcore.dll
0x00007ff91ffc0000 - 0x00007ff920740000 	C:\WINDOWS\System32\windows.storage.dll
0x00007ff91f730000 - 0x00007ff91f753000 	C:\WINDOWS\System32\profapi.dll
0x00007ff91f780000 - 0x00007ff91f7ca000 	C:\WINDOWS\System32\powrprof.dll
0x00007ff91f700000 - 0x00007ff91f710000 	C:\WINDOWS\System32\UMPDC.dll
0x00007ff9209b0000 - 0x00007ff920a02000 	C:\WINDOWS\System32\shlwapi.dll
0x00007ff9207c0000 - 0x00007ff9207d7000 	C:\WINDOWS\System32\cryptsp.dll
0x00007ff912a50000 - 0x00007ff912a69000 	C:\Java\jdk-11.0.7\bin\net.dll
0x00007ff910d20000 - 0x00007ff910e10000 	C:\WINDOWS\SYSTEM32\WINHTTP.dll
0x00007ff91ef70000 - 0x00007ff91efd7000 	C:\WINDOWS\system32\mswsock.dll
0x00007ff90fa00000 - 0x00007ff90fa13000 	C:\Java\jdk-11.0.7\bin\nio.dll
0x00007ff91a3e0000 - 0x00007ff91a3e9000 	C:\Java\jdk-11.0.7\bin\management.dll
0x00007ff918b30000 - 0x00007ff918b3c000 	C:\Java\jdk-11.0.7\bin\management_ext.dll
0x00007ff904600000 - 0x00007ff904616000 	C:\WINDOWS\system32\napinsp.dll
0x00007ff9045e0000 - 0x00007ff9045fa000 	C:\WINDOWS\system32\pnrpnsp.dll
0x00007ff91af60000 - 0x00007ff91af75000 	C:\WINDOWS\system32\wshbth.dll
0x00007ff91b530000 - 0x00007ff91b54c000 	C:\WINDOWS\system32\NLAapi.dll
0x00007ff91ec80000 - 0x00007ff91ecba000 	C:\WINDOWS\SYSTEM32\IPHLPAPI.DLL
0x00007ff91ecc0000 - 0x00007ff91ed8b000 	C:\WINDOWS\SYSTEM32\DNSAPI.dll
0x00007ff921cc0000 - 0x00007ff921cc8000 	C:\WINDOWS\System32\NSI.dll
0x00007ff9045d0000 - 0x00007ff9045de000 	C:\WINDOWS\System32\winrnr.dll
0x00007ff90bd00000 - 0x00007ff90bd0a000 	C:\Windows\System32\rasadhlp.dll
0x00007ff9156c0000 - 0x00007ff915737000 	C:\WINDOWS\System32\fwpuclnt.dll
0x00007ff91ff90000 - 0x00007ff91ffb6000 	C:\WINDOWS\System32\bcrypt.dll
0x00007ff91eae0000 - 0x00007ff91eb13000 	C:\WINDOWS\system32\rsaenh.dll
0x00007ff91f5f0000 - 0x00007ff91f615000 	C:\WINDOWS\SYSTEM32\USERENV.dll
0x00007ff91f140000 - 0x00007ff91f14c000 	C:\WINDOWS\SYSTEM32\CRYPTBASE.dll
0x00007ff916a90000 - 0x00007ff916aa6000 	C:\WINDOWS\SYSTEM32\dhcpcsvc6.DLL
0x00007ff916b60000 - 0x00007ff916b7c000 	C:\WINDOWS\SYSTEM32\dhcpcsvc.DLL
0x00007ff8fe4a0000 - 0x00007ff8fe4c6000 	C:\Java\jdk-11.0.7\bin\sunec.dll
0x00007ff918b20000 - 0x00007ff918b2e000 	C:\Java\jdk-11.0.7\bin\sunmscapi.dll
0x00007ff91faa0000 - 0x00007ff91fbe9000 	C:\WINDOWS\System32\CRYPT32.dll
0x00007ff91f760000 - 0x00007ff91f772000 	C:\WINDOWS\System32\MSASN1.dll
0x00007ff91f240000 - 0x00007ff91f266000 	C:\WINDOWS\SYSTEM32\ncrypt.dll
0x00007ff91f200000 - 0x00007ff91f23b000 	C:\WINDOWS\SYSTEM32\NTASN1.dll

dbghelp: loaded successfully - version: 4.0.5 - missing functions: none
symbol engine: initialized successfully - sym options: 0x614 - pdb path: .;C:\Java\jdk-11.0.7\bin;C:\WINDOWS\SYSTEM32;C:\WINDOWS\WinSxS\amd64_microsoft.windows.common-controls_6595b64144ccf1df_6.0.18362.900_none_e6beb9d913147d17;C:\Java\jdk-11.0.7\bin\server

VM Arguments:
jvm_args: -Dcom.sun.management.jmxremote -Dcom.sun.management.jmxremote.port=56953 -Dcom.sun.management.jmxremote.authenticate=false -Dcom.sun.management.jmxremote.ssl=false -Djava.rmi.server.hostname=localhost -Dspring.jmx.enabled=true -Dspring.application.admin.enabled=true -Xverify:none -XX:TieredStopAtLevel=1 -Dspring.boot.project.name=spring-boot-ionic-backend -Dfile.encoding=UTF-8 
java_command: com.brnmlira.cursomc.CursomcApplication --spring.output.ansi.enabled=always
java_class_path (initial): C:\tmp\ws-springboot\spring-boot-ionic-backend\target\classes;C:\Users\bruno\.m2\repository\javax\validation\validation-api\2.0.1.Final\validation-api-2.0.1.Final.jar;C:\Users\bruno\.m2\repository\org\springframework\boot\spring-boot-starter-data-jpa\2.3.1.RELEASE\spring-boot-starter-data-jpa-2.3.1.RELEASE.jar;C:\Users\bruno\.m2\repository\org\springframework\boot\spring-boot-starter-aop\2.3.1.RELEASE\spring-boot-starter-aop-2.3.1.RELEASE.jar;C:\Users\bruno\.m2\repository\org\aspectj\aspectjweaver\1.9.5\aspectjweaver-1.9.5.jar;C:\Users\bruno\.m2\repository\org\springframework\boot\spring-boot-starter-jdbc\2.3.1.RELEASE\spring-boot-starter-jdbc-2.3.1.RELEASE.jar;C:\Users\bruno\.m2\repository\com\zaxxer\HikariCP\3.4.5\HikariCP-3.4.5.jar;C:\Users\bruno\.m2\repository\org\springframework\spring-jdbc\5.2.7.RELEASE\spring-jdbc-5.2.7.RELEASE.jar;C:\Users\bruno\.m2\repository\jakarta\transaction\jakarta.transaction-api\1.3.3\jakarta.transaction-api-1.3.3.jar;C:\Users\bruno\.m2\repository\jakarta\persistence\jakarta.persistence-api\2.2.3\jakarta.persistence-api-2.2.3.jar;C:\Users\bruno\.m2\repository\org\hibernate\hibernate-core\5.4.17.Final\hibernate-core-5.4.17.Final.jar;C:\Users\bruno\.m2\repository\antlr\antlr\2.7.7\antlr-2.7.7.jar;C:\Users\bruno\.m2\repository\org\springframework\data\spring-data-jpa\2.3.1.RELEASE\spring-data-jpa-2.3.1.RELEASE.jar;C:\Users\bruno\.m2\repository\org\springframework\data\spring-data-commons\2.3.1.RELEASE\spring-data-commons-2.3.1.RELEASE.jar;C:\Users\bruno\.m2\repository\org\springframework\spring-orm\5.2.7.RELEASE\spring-orm-5.2.7.RELEASE.jar;C:\Users\bruno\.m2\repository\org\springframework\spring-context\5.2.7.RELEASE\spring-context-5.2.7.RELEASE.jar;C:\Users\bruno\.m2\repository\org\springframework\spring-tx\5.2.7.RELEASE\spring-tx-5.2.7.RELEASE.jar;C:\Users\bruno\.m2\repository\org\springframework\spring-beans\5.2.7.RELEASE\spring-beans-5.2.7.RELEASE.jar;C:\Users\bruno\.m2\repository\org\slf4j\slf4j-api\1.
Launcher Type: SUN_STANDARD

[Global flags]
     bool BytecodeVerificationLocal                = false                                     {product} {command line}
     bool BytecodeVerificationRemote               = false                                     {product} {command line}
     intx CICompilerCount                          = 4                                         {product} {ergonomic}
     uint ConcGCThreads                            = 2                                         {product} {ergonomic}
     uint G1ConcRefinementThreads                  = 8                                         {product} {ergonomic}
   size_t G1HeapRegionSize                         = 1048576                                   {product} {ergonomic}
    uintx GCDrainStackTargetSize                   = 64                                        {product} {ergonomic}
   size_t InitialHeapSize                          = 402653184                                 {product} {ergonomic}
     bool ManagementServer                         = true                                      {product} {command line}
   size_t MarkStackSize                            = 4194304                                   {product} {ergonomic}
   size_t MaxHeapSize                              = 6410993664                                {product} {ergonomic}
   size_t MaxNewSize                               = 3846176768                                {product} {ergonomic}
   size_t MinHeapDeltaBytes                        = 1048576                                   {product} {ergonomic}
    uintx NonNMethodCodeHeapSize                   = 7549744                                {pd product} {ergonomic}
    uintx NonProfiledCodeHeapSize                  = 244108496                              {pd product} {ergonomic}
    uintx ProfiledCodeHeapSize                     = 0                                      {pd product} {ergonomic}
    uintx ReservedCodeCacheSize                    = 251658240                              {pd product} {ergonomic}
     bool SegmentedCodeCache                       = true                                      {product} {ergonomic}
     intx TieredStopAtLevel                        = 1                                         {product} {command line}
     bool UseCompressedClassPointers               = true                                 {lp64_product} {ergonomic}
     bool UseCompressedOops                        = true                                 {lp64_product} {ergonomic}
     bool UseG1GC                                  = true                                      {product} {ergonomic}
     bool UseLargePagesIndividualAllocation        = false                                  {pd product} {ergonomic}

Logging:
Log output configuration:
 #0: stdout all=warning uptime,level,tags
 #1: stderr all=off uptime,level,tags

Environment Variables:
JAVA_HOME=C:\Java\jdk-11.0.7
PATH=C:/Java/jdk-11.0.7/bin/server;C:/Java/jdk-11.0.7/bin;C:\oraclexe\app\oracle\product\11.2.0\server\bin;C:\WINDOWS\system32;C:\WINDOWS;C:\WINDOWS\System32\Wbem;C:\WINDOWS\System32\WindowsPowerShell\v1.0\;C:\WINDOWS\System32\OpenSSH\;C:\Program Files (x86)\apache-maven-3.6.3\bin;C:\Program Files\Git\cmd;C:\Program Files (x86)\NVIDIA Corporation\PhysX\Common;C:\Program Files\NVIDIA Corporation\NVIDIA NvDLISR;C:\Java\jdk-11.0.7\bin;C:\xampp\mysql\bin;C:\Users\bruno\AppData\Local\Microsoft\WindowsApps;C:\Program Files\heroku\bin;C:\WINDOWS\System32;
USERNAME=bruno
OS=Windows_NT
PROCESSOR_IDENTIFIER=Intel64 Family 6 Model 158 Stepping 10, GenuineIntel



---------------  S Y S T E M  ---------------

OS: Windows 10 , 64 bit Build 18362 (10.0.18362.900)

CPU:total 8 (initial active 8) (4 cores per cpu, 2 threads per core) family 6 model 158 stepping 10, cmov, cx8, fxsr, mmx, sse, sse2, sse3, ssse3, sse4.1, sse4.2, popcnt, avx, avx2, aes, clmul, erms, 3dnowpref, lzcnt, ht, tsc, tscinvbit, bmi1, bmi2, adx, fma

Memory: 4k page, system-wide physical 24450M (14939M free)
TotalPageFile size 28034M (AvailPageFile size 14993M)
current process WorkingSet (physical memory assigned to process): 507M, peak: 508M
current process commit charge ("private bytes"): 695M, peak: 696M

vm_info: Java HotSpot(TM) 64-Bit Server VM (11.0.7+8-LTS) for windows-amd64 JRE (11.0.7+8-LTS), built on Mar 12 2020 02:04:32 by "mach5one" with MS VC++ 15.5 (VS2017)

END.
